{"/home/travis/build/npmtest/node-npmtest-spm/test.js":{"path":"/home/travis/build/npmtest/node-npmtest-spm/test.js","s":{"1":2,"2":2,"3":2,"4":2,"5":2,"6":2,"7":2,"8":1,"9":2,"10":2,"11":1,"12":1,"13":1,"14":1,"15":2,"16":2,"17":2,"18":2,"19":1,"20":1,"21":2,"22":2,"23":2,"24":1,"25":1,"26":1,"27":1,"28":1,"29":1,"30":1,"31":1,"32":1,"33":1,"34":1,"35":1,"36":1,"37":1,"38":1,"39":2,"40":2,"41":1,"42":2,"43":2,"44":1,"45":2,"46":2,"47":1,"48":2,"49":2,"50":1,"51":1,"52":1,"53":1,"54":1},"b":{"1":[2,1,1,1],"2":[1,1,1,1],"3":[1,1],"4":[1,1],"5":[1,1],"6":[1,1],"7":[1,1],"8":[1,1],"9":[1,1],"10":[1,1,1],"11":[1,1],"12":[1,1],"13":[1,1],"14":[1,1],"15":[1,1],"16":[1,1],"17":[1,1]},"f":{"1":2,"2":2,"3":2,"4":2,"5":2,"6":1,"7":1,"8":1,"9":2,"10":2,"11":2,"12":2,"13":1},"fnMap":{"1":{"name":"(anonymous_1)","line":12,"loc":{"start":{"line":12,"column":1},"end":{"line":12,"column":13}}},"2":{"name":"(anonymous_2)","line":19,"loc":{"start":{"line":19,"column":5},"end":{"line":19,"column":17}}},"3":{"name":"(anonymous_3)","line":23,"loc":{"start":{"line":23,"column":24},"end":{"line":23,"column":36}}},"4":{"name":"(anonymous_4)","line":61,"loc":{"start":{"line":61,"column":5},"end":{"line":61,"column":17}}},"5":{"name":"(anonymous_5)","line":82,"loc":{"start":{"line":82,"column":5},"end":{"line":82,"column":17}}},"6":{"name":"(anonymous_6)","line":91,"loc":{"start":{"line":91,"column":77},"end":{"line":94,"column":10}}},"7":{"name":"(anonymous_7)","line":112,"loc":{"start":{"line":112,"column":83},"end":{"line":115,"column":10}},"skip":true},"8":{"name":"(anonymous_8)","line":123,"loc":{"start":{"line":123,"column":77},"end":{"line":126,"column":10}},"skip":true},"9":{"name":"(anonymous_9)","line":139,"loc":{"start":{"line":139,"column":12},"end":{"line":139,"column":40}},"skip":true},"10":{"name":"(anonymous_10)","line":147,"loc":{"start":{"line":147,"column":77},"end":{"line":150,"column":10}},"skip":true},"11":{"name":"(anonymous_11)","line":158,"loc":{"start":{"line":158,"column":83},"end":{"line":161,"column":10}},"skip":true},"12":{"name":"(anonymous_12)","line":169,"loc":{"start":{"line":169,"column":79},"end":{"line":172,"column":10}},"skip":true},"13":{"name":"(anonymous_13)","line":180,"loc":{"start":{"line":180,"column":75},"end":{"line":183,"column":10}},"skip":true}},"statementMap":{"1":{"start":{"line":12,"column":0},"end":{"line":195,"column":5}},"2":{"start":{"line":14,"column":4},"end":{"line":14,"column":14}},"3":{"start":{"line":19,"column":4},"end":{"line":56,"column":9}},"4":{"start":{"line":21,"column":8},"end":{"line":21,"column":19}},"5":{"start":{"line":23,"column":8},"end":{"line":35,"column":13}},"6":{"start":{"line":24,"column":12},"end":{"line":34,"column":13}},"7":{"start":{"line":25,"column":16},"end":{"line":28,"column":30}},"8":{"start":{"line":30,"column":16},"end":{"line":33,"column":27}},"9":{"start":{"line":37,"column":8},"end":{"line":39,"column":21}},"10":{"start":{"line":40,"column":8},"end":{"line":53,"column":9}},"11":{"start":{"line":43,"column":12},"end":{"line":46,"column":14}},"12":{"start":{"line":47,"column":12},"end":{"line":47,"column":18}},"13":{"start":{"line":50,"column":12},"end":{"line":51,"column":46}},"14":{"start":{"line":52,"column":12},"end":{"line":52,"column":18}},"15":{"start":{"line":55,"column":8},"end":{"line":55,"column":35}},"16":{"start":{"line":61,"column":4},"end":{"line":63,"column":9}},"17":{"start":{"line":62,"column":8},"end":{"line":62,"column":15}},"18":{"start":{"line":64,"column":4},"end":{"line":77,"column":5}},"19":{"start":{"line":70,"column":8},"end":{"line":70,"column":14}},"20":{"start":{"line":76,"column":8},"end":{"line":76,"column":14}},"21":{"start":{"line":82,"column":4},"end":{"line":84,"column":9}},"22":{"start":{"line":83,"column":8},"end":{"line":83,"column":15}},"23":{"start":{"line":85,"column":4},"end":{"line":194,"column":5}},"24":{"start":{"line":91,"column":8},"end":{"line":99,"column":10}},"25":{"start":{"line":98,"column":12},"end":{"line":98,"column":35}},"26":{"start":{"line":102,"column":8},"end":{"line":104,"column":63}},"27":{"start":{"line":105,"column":8},"end":{"line":105,"column":14}},"28":{"start":{"line":112,"column":8},"end":{"line":121,"column":10},"skip":true},"29":{"start":{"line":119,"column":12},"end":{"line":119,"column":55},"skip":true},"30":{"start":{"line":120,"column":12},"end":{"line":120,"column":48},"skip":true},"31":{"start":{"line":123,"column":8},"end":{"line":136,"column":10},"skip":true},"32":{"start":{"line":130,"column":12},"end":{"line":130,"column":76},"skip":true},"33":{"start":{"line":131,"column":12},"end":{"line":131,"column":73},"skip":true},"34":{"start":{"line":132,"column":12},"end":{"line":132,"column":74},"skip":true},"35":{"start":{"line":133,"column":12},"end":{"line":133,"column":79},"skip":true},"36":{"start":{"line":134,"column":12},"end":{"line":134,"column":25},"skip":true},"37":{"start":{"line":135,"column":12},"end":{"line":135,"column":45},"skip":true},"38":{"start":{"line":138,"column":8},"end":{"line":145,"column":14},"skip":true},"39":{"start":{"line":143,"column":16},"end":{"line":143,"column":29},"skip":true},"40":{"start":{"line":144,"column":16},"end":{"line":144,"column":55},"skip":true},"41":{"start":{"line":147,"column":8},"end":{"line":156,"column":10},"skip":true},"42":{"start":{"line":154,"column":12},"end":{"line":154,"column":25},"skip":true},"43":{"start":{"line":155,"column":12},"end":{"line":155,"column":45},"skip":true},"44":{"start":{"line":158,"column":8},"end":{"line":167,"column":10},"skip":true},"45":{"start":{"line":165,"column":12},"end":{"line":165,"column":25},"skip":true},"46":{"start":{"line":166,"column":12},"end":{"line":166,"column":48},"skip":true},"47":{"start":{"line":169,"column":8},"end":{"line":178,"column":10},"skip":true},"48":{"start":{"line":176,"column":12},"end":{"line":176,"column":25},"skip":true},"49":{"start":{"line":177,"column":12},"end":{"line":177,"column":46},"skip":true},"50":{"start":{"line":180,"column":8},"end":{"line":189,"column":10},"skip":true},"51":{"start":{"line":187,"column":12},"end":{"line":187,"column":94},"skip":true},"52":{"start":{"line":188,"column":12},"end":{"line":188,"column":48},"skip":true},"53":{"start":{"line":192,"column":8},"end":{"line":192,"column":35},"skip":true},"54":{"start":{"line":193,"column":8},"end":{"line":193,"column":14},"skip":true}},"branchMap":{"1":{"line":25,"type":"binary-expr","locations":[{"start":{"line":25,"column":23},"end":{"line":25,"column":62}},{"start":{"line":26,"column":20},"end":{"line":26,"column":70}},{"start":{"line":27,"column":20},"end":{"line":27,"column":71}},{"start":{"line":28,"column":20},"end":{"line":28,"column":29}}]},"2":{"line":30,"type":"binary-expr","locations":[{"start":{"line":30,"column":23},"end":{"line":30,"column":37}},{"start":{"line":31,"column":20},"end":{"line":31,"column":61}},{"start":{"line":32,"column":20},"end":{"line":32,"column":70}},{"start":{"line":33,"column":20},"end":{"line":33,"column":26}}]},"3":{"line":37,"type":"cond-expr","locations":[{"start":{"line":38,"column":14},"end":{"line":38,"column":20}},{"start":{"line":39,"column":14},"end":{"line":39,"column":20}}]},"4":{"line":40,"type":"switch","locations":[{"start":{"line":42,"column":8},"end":{"line":47,"column":18}},{"start":{"line":49,"column":8},"end":{"line":52,"column":18}}]},"5":{"line":44,"type":"binary-expr","locations":[{"start":{"line":44,"column":16},"end":{"line":44,"column":44}},{"start":{"line":44,"column":48},"end":{"line":44,"column":66}}]},"6":{"line":50,"type":"binary-expr","locations":[{"start":{"line":50,"column":21},"end":{"line":50,"column":49}},{"start":{"line":50,"column":53},"end":{"line":50,"column":72}}]},"7":{"line":64,"type":"switch","locations":[{"start":{"line":69,"column":4},"end":{"line":70,"column":14}},{"start":{"line":75,"column":4},"end":{"line":76,"column":14}}]},"8":{"line":85,"type":"switch","locations":[{"start":{"line":90,"column":4},"end":{"line":105,"column":14}},{"start":{"line":111,"column":4},"end":{"line":193,"column":14},"skip":true}]},"9":{"line":91,"type":"binary-expr","locations":[{"start":{"line":91,"column":42},"end":{"line":91,"column":73}},{"start":{"line":91,"column":77},"end":{"line":99,"column":9}}]},"10":{"line":102,"type":"binary-expr","locations":[{"start":{"line":102,"column":18},"end":{"line":102,"column":32}},{"start":{"line":103,"column":12},"end":{"line":103,"column":53}},{"start":{"line":104,"column":12},"end":{"line":104,"column":61}}]},"11":{"line":112,"type":"binary-expr","locations":[{"start":{"line":112,"column":45},"end":{"line":112,"column":79},"skip":true},{"start":{"line":112,"column":83},"end":{"line":121,"column":9},"skip":true}]},"12":{"line":123,"type":"binary-expr","locations":[{"start":{"line":123,"column":42},"end":{"line":123,"column":73},"skip":true},{"start":{"line":123,"column":77},"end":{"line":136,"column":9},"skip":true}]},"13":{"line":138,"type":"binary-expr","locations":[{"start":{"line":138,"column":48},"end":{"line":138,"column":85},"skip":true},{"start":{"line":139,"column":12},"end":{"line":145,"column":13},"skip":true}]},"14":{"line":147,"type":"binary-expr","locations":[{"start":{"line":147,"column":42},"end":{"line":147,"column":73},"skip":true},{"start":{"line":147,"column":77},"end":{"line":156,"column":9},"skip":true}]},"15":{"line":158,"type":"binary-expr","locations":[{"start":{"line":158,"column":45},"end":{"line":158,"column":79},"skip":true},{"start":{"line":158,"column":83},"end":{"line":167,"column":9},"skip":true}]},"16":{"line":169,"type":"binary-expr","locations":[{"start":{"line":169,"column":43},"end":{"line":169,"column":75},"skip":true},{"start":{"line":169,"column":79},"end":{"line":178,"column":9},"skip":true}]},"17":{"line":180,"type":"binary-expr","locations":[{"start":{"line":180,"column":41},"end":{"line":180,"column":71},"skip":true},{"start":{"line":180,"column":75},"end":{"line":189,"column":9},"skip":true}]}},"code":["/* istanbul instrument in package npmtest_spm */","/*jslint","    bitwise: true,","    browser: true,","    maxerr: 8,","    maxlen: 96,","    node: true,","    nomen: true,","    regexp: true,","    stupid: true","*/","(function () {","    'use strict';","    var local;","","","","    // run shared js-env code - pre-init","    (function () {","        // init local","        local = {};","        // init modeJs","        local.modeJs = (function () {","            try {","                return typeof navigator.userAgent === 'string' &&","                    typeof document.querySelector('body') === 'object' &&","                    typeof XMLHttpRequest.prototype.open === 'function' &&","                    'browser';","            } catch (errorCaughtBrowser) {","                return module.exports &&","                    typeof process.versions.node === 'string' &&","                    typeof require('http').createServer === 'function' &&","                    'node';","            }","        }());","        // init global","        local.global = local.modeJs === 'browser'","            ? window","            : global;","        switch (local.modeJs) {","        // re-init local from window.local","        case 'browser':","            local = local.global.utility2.objectSetDefault(","                local.global.utility2_rollup || local.global.local,","                local.global.utility2","            );","            break;","        // re-init local from example.js","        case 'node':","            local = (local.global.utility2_rollup || require('utility2'))","                .requireExampleJsFromReadme();","            break;","        }","        // export local","        local.global.local = local;","    }());","","","","    // run shared js-env code - function","    (function () {","        return;","    }());","    switch (local.modeJs) {","","","","    // run browser js-env code - function","    case 'browser':","        break;","","","","    // run node js-env code - function","    case 'node':","        break;","    }","","","","    // run shared js-env code - post-init","    (function () {","        return;","    }());","    switch (local.modeJs) {","","","","    // run browser js-env code - post-init","    case 'browser':","        local.testCase_browser_nullCase = local.testCase_browser_nullCase || function (","            options,","            onError","        ) {","        /*","         * this function will test browsers's null-case handling-behavior-behavior","         */","            onError(null, options);","        };","","        // run tests","        local.nop(local.modeTest &&","            document.querySelector('#testRunButton1') &&","            document.querySelector('#testRunButton1').click());","        break;","","","","    // run node js-env code - post-init","    /* istanbul ignore next */","    case 'node':","        local.testCase_buildApidoc_default = local.testCase_buildApidoc_default || function (","            options,","            onError","        ) {","        /*","         * this function will test buildApidoc's default handling-behavior-behavior","         */","            options = { modulePathList: module.paths };","            local.buildApidoc(options, onError);","        };","","        local.testCase_buildApp_default = local.testCase_buildApp_default || function (","            options,","            onError","        ) {","        /*","         * this function will test buildApp's default handling-behavior-behavior","         */","            local.testCase_buildReadme_default(options, local.onErrorThrow);","            local.testCase_buildLib_default(options, local.onErrorThrow);","            local.testCase_buildTest_default(options, local.onErrorThrow);","            local.testCase_buildCustomOrg_default(options, local.onErrorThrow);","            options = [];","            local.buildApp(options, onError);","        };","","        local.testCase_buildCustomOrg_default = local.testCase_buildCustomOrg_default ||","            function (options, onError) {","            /*","             * this function will test buildCustomOrg's default handling-behavior","             */","                options = {};","                local.buildCustomOrg(options, onError);","            };","","        local.testCase_buildLib_default = local.testCase_buildLib_default || function (","            options,","            onError","        ) {","        /*","         * this function will test buildLib's default handling-behavior","         */","            options = {};","            local.buildLib(options, onError);","        };","","        local.testCase_buildReadme_default = local.testCase_buildReadme_default || function (","            options,","            onError","        ) {","        /*","         * this function will test buildReadme's default handling-behavior-behavior","         */","            options = {};","            local.buildReadme(options, onError);","        };","","        local.testCase_buildTest_default = local.testCase_buildTest_default || function (","            options,","            onError","        ) {","        /*","         * this function will test buildTest's default handling-behavior","         */","            options = {};","            local.buildTest(options, onError);","        };","","        local.testCase_webpage_default = local.testCase_webpage_default || function (","            options,","            onError","        ) {","        /*","         * this function will test webpage's default handling-behavior","         */","            options = { modeCoverageMerge: true, url: local.serverLocalHost + '?modeTest=1' };","            local.browserTest(options, onError);","        };","","        // run test-server","        local.testRunServer(local);","        break;","    }","}());",""],"l":{"12":2,"14":2,"19":2,"21":2,"23":2,"24":2,"25":2,"30":1,"37":2,"40":2,"43":1,"47":1,"50":1,"52":1,"55":2,"61":2,"62":2,"64":2,"70":1,"76":1,"82":2,"83":2,"85":2,"91":1,"98":1,"102":1,"105":1,"112":1,"119":1,"120":1,"123":1,"130":1,"131":1,"132":1,"133":1,"134":1,"135":1,"138":1,"143":2,"144":2,"147":1,"154":2,"155":2,"158":1,"165":2,"166":2,"169":1,"176":2,"177":2,"180":1,"187":1,"188":1,"192":1,"193":1}},"/home/travis/build/npmtest/node-npmtest-spm/lib.npmtest_spm.js":{"path":"/home/travis/build/npmtest/node-npmtest-spm/lib.npmtest_spm.js","s":{"1":2,"2":2,"3":2,"4":2,"5":2,"6":2,"7":2,"8":1,"9":2,"10":2,"11":2,"12":2,"13":1,"14":1,"15":1,"16":1},"b":{"1":[2,1,1,1],"2":[1,1,1,1],"3":[1,1],"4":[2,2],"5":[1,1]},"f":{"1":2,"2":2,"3":2},"fnMap":{"1":{"name":"(anonymous_1)","line":12,"loc":{"start":{"line":12,"column":1},"end":{"line":12,"column":13}}},"2":{"name":"(anonymous_2)","line":19,"loc":{"start":{"line":19,"column":5},"end":{"line":19,"column":17}}},"3":{"name":"(anonymous_3)","line":23,"loc":{"start":{"line":23,"column":24},"end":{"line":23,"column":36}}}},"statementMap":{"1":{"start":{"line":12,"column":0},"end":{"line":53,"column":5}},"2":{"start":{"line":14,"column":4},"end":{"line":14,"column":14}},"3":{"start":{"line":19,"column":4},"end":{"line":52,"column":9}},"4":{"start":{"line":21,"column":8},"end":{"line":21,"column":19}},"5":{"start":{"line":23,"column":8},"end":{"line":35,"column":13}},"6":{"start":{"line":24,"column":12},"end":{"line":34,"column":13}},"7":{"start":{"line":25,"column":16},"end":{"line":28,"column":30}},"8":{"start":{"line":30,"column":16},"end":{"line":33,"column":27}},"9":{"start":{"line":37,"column":8},"end":{"line":39,"column":21}},"10":{"start":{"line":41,"column":8},"end":{"line":41,"column":54}},"11":{"start":{"line":43,"column":8},"end":{"line":43,"column":48}},"12":{"start":{"line":45,"column":8},"end":{"line":51,"column":9}},"13":{"start":{"line":46,"column":12},"end":{"line":46,"column":54}},"14":{"start":{"line":48,"column":12},"end":{"line":48,"column":35}},"15":{"start":{"line":49,"column":12},"end":{"line":49,"column":49}},"16":{"start":{"line":50,"column":12},"end":{"line":50,"column":43}}},"branchMap":{"1":{"line":25,"type":"binary-expr","locations":[{"start":{"line":25,"column":23},"end":{"line":25,"column":62}},{"start":{"line":26,"column":20},"end":{"line":26,"column":70}},{"start":{"line":27,"column":20},"end":{"line":27,"column":71}},{"start":{"line":28,"column":20},"end":{"line":28,"column":29}}]},"2":{"line":30,"type":"binary-expr","locations":[{"start":{"line":30,"column":23},"end":{"line":30,"column":37}},{"start":{"line":31,"column":20},"end":{"line":31,"column":61}},{"start":{"line":32,"column":20},"end":{"line":32,"column":70}},{"start":{"line":33,"column":20},"end":{"line":33,"column":26}}]},"3":{"line":37,"type":"cond-expr","locations":[{"start":{"line":38,"column":14},"end":{"line":38,"column":20}},{"start":{"line":39,"column":14},"end":{"line":39,"column":20}}]},"4":{"line":41,"type":"binary-expr","locations":[{"start":{"line":41,"column":16},"end":{"line":41,"column":44}},{"start":{"line":41,"column":48},"end":{"line":41,"column":53}}]},"5":{"line":45,"type":"if","locations":[{"start":{"line":45,"column":8},"end":{"line":45,"column":8}},{"start":{"line":45,"column":8},"end":{"line":45,"column":8}}]}},"code":["/* istanbul instrument in package npmtest_spm */","/*jslint","    bitwise: true,","    browser: true,","    maxerr: 8,","    maxlen: 96,","    node: true,","    nomen: true,","    regexp: true,","    stupid: true","*/","(function () {","    'use strict';","    var local;","","","","    // run shared js-env code - pre-init","    (function () {","        // init local","        local = {};","        // init modeJs","        local.modeJs = (function () {","            try {","                return typeof navigator.userAgent === 'string' &&","                    typeof document.querySelector('body') === 'object' &&","                    typeof XMLHttpRequest.prototype.open === 'function' &&","                    'browser';","            } catch (errorCaughtBrowser) {","                return module.exports &&","                    typeof process.versions.node === 'string' &&","                    typeof require('http').createServer === 'function' &&","                    'node';","            }","        }());","        // init global","        local.global = local.modeJs === 'browser'","            ? window","            : global;","        // init utility2_rollup","        local = local.global.utility2_rollup || local;","        // init lib","        local.local = local.npmtest_spm = local;","        // init exports","        if (local.modeJs === 'browser') {","            local.global.utility2_npmtest_spm = local;","        } else {","            module.exports = local;","            module.exports.__dirname = __dirname;","            module.exports.module = module;","        }","    }());","}());",""],"l":{"12":2,"14":2,"19":2,"21":2,"23":2,"24":2,"25":2,"30":1,"37":2,"41":2,"43":2,"45":2,"46":1,"48":1,"49":1,"50":1}},"/home/travis/build/npmtest/node-npmtest-spm/example.js":{"path":"/home/travis/build/npmtest/node-npmtest-spm/example.js","s":{"1":2,"2":2,"3":2,"4":2,"5":2,"6":2,"7":2,"8":1,"9":2,"10":2,"11":2,"12":2,"13":1,"14":2,"15":2,"16":2,"17":2,"18":2,"19":0,"20":2,"21":1,"22":1,"23":1,"24":1,"25":1,"26":0,"27":0,"28":1,"29":1,"30":2,"31":0,"32":0,"33":0,"34":1,"35":2,"36":2,"37":3,"38":3,"39":3,"40":3,"41":0,"42":3,"43":3,"44":3,"45":1,"46":3,"47":1,"48":1,"49":1,"50":1,"51":1,"52":1,"53":1,"54":1,"55":1,"56":1,"57":0,"58":1,"59":6,"60":6,"61":1,"62":2,"63":0,"64":2,"65":1,"66":1,"67":0,"68":0,"69":0,"70":0,"71":0,"72":0,"73":0,"74":0,"75":0,"76":0,"77":0,"78":0,"79":0,"80":0,"81":0,"82":0,"83":0},"b":{"1":[2,1,1,1],"2":[1,1,1,1],"3":[1,1],"4":[2,2],"5":[1,1],"6":[1,1],"7":[2,0],"8":[2,1,1,1,1,1],"9":[0,2,0],"10":[1,1],"11":[2,1,1],"12":[1,0],"13":[0,2],"14":[2,0,0,0,0,0,0],"15":[0,3],"16":[3,0],"17":[1,1],"18":[0,1],"19":[1,2,0,2],"20":[1,0],"21":[1,1],"22":[0,0],"23":[0,0],"24":[0,0],"25":[0,0],"26":[0,0],"27":[0,0],"28":[0,0]},"f":{"1":2,"2":2,"3":2,"4":2,"5":2,"6":2,"7":3,"8":3,"9":3,"10":1,"11":6,"12":0},"fnMap":{"1":{"name":"(anonymous_1)","line":26,"loc":{"start":{"line":26,"column":1},"end":{"line":26,"column":13}}},"2":{"name":"(anonymous_2)","line":33,"loc":{"start":{"line":33,"column":5},"end":{"line":33,"column":17}}},"3":{"name":"(anonymous_3)","line":37,"loc":{"start":{"line":37,"column":24},"end":{"line":37,"column":36}}},"4":{"name":"(anonymous_4)","line":69,"loc":{"start":{"line":69,"column":31},"end":{"line":69,"column":48}},"skip":true},"5":{"name":"(anonymous_5)","line":78,"loc":{"start":{"line":78,"column":26},"end":{"line":78,"column":45}},"skip":true},"6":{"name":"(anonymous_6)","line":123,"loc":{"start":{"line":123,"column":33},"end":{"line":123,"column":48}},"skip":true},"7":{"name":"(anonymous_7)","line":125,"loc":{"start":{"line":125,"column":27},"end":{"line":125,"column":39}},"skip":true},"8":{"name":"(anonymous_8)","line":133,"loc":{"start":{"line":133,"column":59},"end":{"line":133,"column":74}},"skip":true},"9":{"name":"(anonymous_9)","line":143,"loc":{"start":{"line":143,"column":45},"end":{"line":143,"column":62}},"skip":true},"10":{"name":"(anonymous_10)","line":144,"loc":{"start":{"line":144,"column":73},"end":{"line":144,"column":92}},"skip":true},"11":{"name":"(anonymous_11)","line":272,"loc":{"start":{"line":272,"column":51},"end":{"line":272,"column":77}},"skip":true},"12":{"name":"(anonymous_12)","line":315,"loc":{"start":{"line":315,"column":32},"end":{"line":315,"column":61}},"skip":true}},"statementMap":{"1":{"start":{"line":26,"column":0},"end":{"line":326,"column":5}},"2":{"start":{"line":28,"column":4},"end":{"line":28,"column":14}},"3":{"start":{"line":33,"column":4},"end":{"line":60,"column":9}},"4":{"start":{"line":35,"column":8},"end":{"line":35,"column":19}},"5":{"start":{"line":37,"column":8},"end":{"line":49,"column":13}},"6":{"start":{"line":38,"column":12},"end":{"line":48,"column":13}},"7":{"start":{"line":39,"column":16},"end":{"line":42,"column":30}},"8":{"start":{"line":44,"column":16},"end":{"line":47,"column":27}},"9":{"start":{"line":51,"column":8},"end":{"line":53,"column":21}},"10":{"start":{"line":55,"column":8},"end":{"line":57,"column":45}},"11":{"start":{"line":59,"column":8},"end":{"line":59,"column":35}},"12":{"start":{"line":61,"column":4},"end":{"line":325,"column":5}},"13":{"start":{"line":69,"column":8},"end":{"line":121,"column":10},"skip":true},"14":{"start":{"line":70,"column":12},"end":{"line":88,"column":13},"skip":true},"15":{"start":{"line":76,"column":16},"end":{"line":87,"column":19},"skip":true},"16":{"start":{"line":79,"column":20},"end":{"line":86,"column":21},"skip":true},"17":{"start":{"line":82,"column":24},"end":{"line":82,"column":43},"skip":true},"18":{"start":{"line":83,"column":24},"end":{"line":83,"column":30},"skip":true},"19":{"start":{"line":85,"column":24},"end":{"line":85,"column":49},"skip":true},"20":{"start":{"line":89,"column":12},"end":{"line":107,"column":13},"skip":true},"21":{"start":{"line":92,"column":16},"end":{"line":102,"column":17},"skip":true},"22":{"start":{"line":93,"column":20},"end":{"line":93,"column":86},"skip":true},"23":{"start":{"line":94,"column":20},"end":{"line":95,"column":45},"skip":true},"24":{"start":{"line":96,"column":20},"end":{"line":96,"column":42},"skip":true},"25":{"start":{"line":97,"column":20},"end":{"line":97,"column":48},"skip":true},"26":{"start":{"line":100,"column":20},"end":{"line":100,"column":85},"skip":true},"27":{"start":{"line":101,"column":20},"end":{"line":101,"column":96},"skip":true},"28":{"start":{"line":103,"column":16},"end":{"line":103,"column":22},"skip":true},"29":{"start":{"line":106,"column":16},"end":{"line":106,"column":22},"skip":true},"30":{"start":{"line":108,"column":12},"end":{"line":120,"column":13},"skip":true},"31":{"start":{"line":114,"column":16},"end":{"line":119,"column":17},"skip":true},"32":{"start":{"line":116,"column":20},"end":{"line":116,"column":78},"skip":true},"33":{"start":{"line":118,"column":20},"end":{"line":118,"column":47},"skip":true},"34":{"start":{"line":123,"column":8},"end":{"line":141,"column":11},"skip":true},"35":{"start":{"line":124,"column":12},"end":{"line":124,"column":54},"skip":true},"36":{"start":{"line":125,"column":12},"end":{"line":140,"column":14},"skip":true},"37":{"start":{"line":126,"column":16},"end":{"line":126,"column":28},"skip":true},"38":{"start":{"line":127,"column":16},"end":{"line":127,"column":69},"skip":true},"39":{"start":{"line":128,"column":16},"end":{"line":128,"column":75},"skip":true},"40":{"start":{"line":129,"column":16},"end":{"line":131,"column":17},"skip":true},"41":{"start":{"line":130,"column":20},"end":{"line":130,"column":27},"skip":true},"42":{"start":{"line":133,"column":16},"end":{"line":137,"column":36},"skip":true},"43":{"start":{"line":134,"column":20},"end":{"line":136,"column":55},"skip":true},"44":{"start":{"line":139,"column":16},"end":{"line":139,"column":57},"skip":true},"45":{"start":{"line":143,"column":8},"end":{"line":147,"column":11},"skip":true},"46":{"start":{"line":144,"column":12},"end":{"line":146,"column":15},"skip":true},"47":{"start":{"line":145,"column":16},"end":{"line":145,"column":70},"skip":true},"48":{"start":{"line":149,"column":8},"end":{"line":149,"column":31},"skip":true},"49":{"start":{"line":150,"column":8},"end":{"line":150,"column":14},"skip":true},"50":{"start":{"line":158,"column":8},"end":{"line":158,"column":31},"skip":true},"51":{"start":{"line":160,"column":8},"end":{"line":160,"column":33},"skip":true},"52":{"start":{"line":161,"column":8},"end":{"line":161,"column":37},"skip":true},"53":{"start":{"line":162,"column":8},"end":{"line":162,"column":35},"skip":true},"54":{"start":{"line":164,"column":8},"end":{"line":164,"column":50},"skip":true},"55":{"start":{"line":166,"column":8},"end":{"line":256,"column":2},"skip":true},"56":{"start":{"line":258,"column":8},"end":{"line":286,"column":9},"skip":true},"57":{"start":{"line":259,"column":12},"end":{"line":269,"column":14},"skip":true},"58":{"start":{"line":271,"column":12},"end":{"line":285,"column":19},"skip":true},"59":{"start":{"line":274,"column":20},"end":{"line":274,"column":35},"skip":true},"60":{"start":{"line":275,"column":20},"end":{"line":284,"column":21},"skip":true},"61":{"start":{"line":277,"column":24},"end":{"line":277,"column":64},"skip":true},"62":{"start":{"line":279,"column":24},"end":{"line":279,"column":40},"skip":true},"63":{"start":{"line":281,"column":24},"end":{"line":281,"column":40},"skip":true},"64":{"start":{"line":283,"column":24},"end":{"line":283,"column":39},"skip":true},"65":{"start":{"line":288,"column":8},"end":{"line":290,"column":9},"skip":true},"66":{"start":{"line":289,"column":12},"end":{"line":289,"column":18},"skip":true},"67":{"start":{"line":291,"column":8},"end":{"line":293,"column":54},"skip":true},"68":{"start":{"line":296,"column":8},"end":{"line":301,"column":37},"skip":true},"69":{"start":{"line":303,"column":8},"end":{"line":303,"column":82},"skip":true},"70":{"start":{"line":306,"column":8},"end":{"line":308,"column":9},"skip":true},"71":{"start":{"line":307,"column":12},"end":{"line":307,"column":82},"skip":true},"72":{"start":{"line":310,"column":8},"end":{"line":312,"column":9},"skip":true},"73":{"start":{"line":311,"column":12},"end":{"line":311,"column":18},"skip":true},"74":{"start":{"line":313,"column":8},"end":{"line":313,"column":54},"skip":true},"75":{"start":{"line":314,"column":8},"end":{"line":314,"column":69},"skip":true},"76":{"start":{"line":315,"column":8},"end":{"line":323,"column":36},"skip":true},"77":{"start":{"line":316,"column":12},"end":{"line":316,"column":61},"skip":true},"78":{"start":{"line":317,"column":12},"end":{"line":320,"column":13},"skip":true},"79":{"start":{"line":318,"column":16},"end":{"line":318,"column":75},"skip":true},"80":{"start":{"line":319,"column":16},"end":{"line":319,"column":23},"skip":true},"81":{"start":{"line":321,"column":12},"end":{"line":321,"column":38},"skip":true},"82":{"start":{"line":322,"column":12},"end":{"line":322,"column":27},"skip":true},"83":{"start":{"line":324,"column":8},"end":{"line":324,"column":14},"skip":true}},"branchMap":{"1":{"line":39,"type":"binary-expr","locations":[{"start":{"line":39,"column":23},"end":{"line":39,"column":62}},{"start":{"line":40,"column":20},"end":{"line":40,"column":70}},{"start":{"line":41,"column":20},"end":{"line":41,"column":71}},{"start":{"line":42,"column":20},"end":{"line":42,"column":29}}]},"2":{"line":44,"type":"binary-expr","locations":[{"start":{"line":44,"column":23},"end":{"line":44,"column":37}},{"start":{"line":45,"column":20},"end":{"line":45,"column":61}},{"start":{"line":46,"column":20},"end":{"line":46,"column":70}},{"start":{"line":47,"column":20},"end":{"line":47,"column":26}}]},"3":{"line":51,"type":"cond-expr","locations":[{"start":{"line":52,"column":14},"end":{"line":52,"column":20}},{"start":{"line":53,"column":14},"end":{"line":53,"column":20}}]},"4":{"line":55,"type":"binary-expr","locations":[{"start":{"line":55,"column":16},"end":{"line":55,"column":44}},{"start":{"line":55,"column":49},"end":{"line":57,"column":43}}]},"5":{"line":55,"type":"cond-expr","locations":[{"start":{"line":56,"column":14},"end":{"line":56,"column":47}},{"start":{"line":57,"column":14},"end":{"line":57,"column":43}}]},"6":{"line":61,"type":"switch","locations":[{"start":{"line":68,"column":4},"end":{"line":150,"column":14},"skip":true},{"start":{"line":156,"column":4},"end":{"line":324,"column":14},"skip":true}]},"7":{"line":70,"type":"if","locations":[{"start":{"line":70,"column":12},"end":{"line":70,"column":12},"skip":true},{"start":{"line":70,"column":12},"end":{"line":70,"column":12},"skip":true}]},"8":{"line":70,"type":"binary-expr","locations":[{"start":{"line":70,"column":16},"end":{"line":70,"column":22},"skip":true},{"start":{"line":70,"column":27},"end":{"line":70,"column":32},"skip":true},{"start":{"line":71,"column":20},"end":{"line":71,"column":39},"skip":true},{"start":{"line":72,"column":20},"end":{"line":72,"column":49},"skip":true},{"start":{"line":73,"column":20},"end":{"line":73,"column":58},"skip":true},{"start":{"line":74,"column":20},"end":{"line":74,"column":69},"skip":true}]},"9":{"line":79,"type":"switch","locations":[{"start":{"line":80,"column":20},"end":{"line":80,"column":33},"skip":true},{"start":{"line":81,"column":20},"end":{"line":83,"column":30},"skip":true},{"start":{"line":84,"column":20},"end":{"line":85,"column":49},"skip":true}]},"10":{"line":89,"type":"switch","locations":[{"start":{"line":90,"column":12},"end":{"line":103,"column":22},"skip":true},{"start":{"line":105,"column":12},"end":{"line":106,"column":22},"skip":true}]},"11":{"line":89,"type":"binary-expr","locations":[{"start":{"line":89,"column":20},"end":{"line":89,"column":25},"skip":true},{"start":{"line":89,"column":29},"end":{"line":89,"column":48},"skip":true},{"start":{"line":89,"column":52},"end":{"line":89,"column":74},"skip":true}]},"12":{"line":92,"type":"if","locations":[{"start":{"line":92,"column":16},"end":{"line":92,"column":16},"skip":true},{"start":{"line":92,"column":16},"end":{"line":92,"column":16},"skip":true}]},"13":{"line":108,"type":"if","locations":[{"start":{"line":108,"column":12},"end":{"line":108,"column":12},"skip":true},{"start":{"line":108,"column":12},"end":{"line":108,"column":12},"skip":true}]},"14":{"line":108,"type":"binary-expr","locations":[{"start":{"line":108,"column":16},"end":{"line":108,"column":61},"skip":true},{"start":{"line":108,"column":66},"end":{"line":108,"column":72},"skip":true},{"start":{"line":108,"column":77},"end":{"line":108,"column":82},"skip":true},{"start":{"line":109,"column":20},"end":{"line":109,"column":39},"skip":true},{"start":{"line":110,"column":20},"end":{"line":110,"column":49},"skip":true},{"start":{"line":111,"column":20},"end":{"line":111,"column":58},"skip":true},{"start":{"line":112,"column":20},"end":{"line":112,"column":68},"skip":true}]},"15":{"line":129,"type":"if","locations":[{"start":{"line":129,"column":16},"end":{"line":129,"column":16},"skip":true},{"start":{"line":129,"column":16},"end":{"line":129,"column":16},"skip":true}]},"16":{"line":134,"type":"cond-expr","locations":[{"start":{"line":135,"column":26},"end":{"line":135,"column":29},"skip":true},{"start":{"line":136,"column":26},"end":{"line":136,"column":54},"skip":true}]},"17":{"line":164,"type":"binary-expr","locations":[{"start":{"line":164,"column":27},"end":{"line":164,"column":43},"skip":true},{"start":{"line":164,"column":47},"end":{"line":164,"column":49},"skip":true}]},"18":{"line":258,"type":"if","locations":[{"start":{"line":258,"column":8},"end":{"line":258,"column":8},"skip":true},{"start":{"line":258,"column":8},"end":{"line":258,"column":8},"skip":true}]},"19":{"line":275,"type":"switch","locations":[{"start":{"line":276,"column":20},"end":{"line":277,"column":64},"skip":true},{"start":{"line":278,"column":20},"end":{"line":279,"column":40},"skip":true},{"start":{"line":280,"column":20},"end":{"line":281,"column":40},"skip":true},{"start":{"line":282,"column":20},"end":{"line":283,"column":39},"skip":true}]},"20":{"line":288,"type":"if","locations":[{"start":{"line":288,"column":8},"end":{"line":288,"column":8},"skip":true},{"start":{"line":288,"column":8},"end":{"line":288,"column":8},"skip":true}]},"21":{"line":288,"type":"binary-expr","locations":[{"start":{"line":288,"column":12},"end":{"line":288,"column":40},"skip":true},{"start":{"line":288,"column":44},"end":{"line":288,"column":67},"skip":true}]},"22":{"line":292,"type":"binary-expr","locations":[{"start":{"line":292,"column":12},"end":{"line":292,"column":50},"skip":true},{"start":{"line":293,"column":12},"end":{"line":293,"column":53},"skip":true}]},"23":{"line":297,"type":"binary-expr","locations":[{"start":{"line":297,"column":12},"end":{"line":297,"column":61},"skip":true},{"start":{"line":298,"column":12},"end":{"line":301,"column":36},"skip":true}]},"24":{"line":303,"type":"binary-expr","locations":[{"start":{"line":303,"column":43},"end":{"line":303,"column":75},"skip":true},{"start":{"line":303,"column":79},"end":{"line":303,"column":81},"skip":true}]},"25":{"line":306,"type":"if","locations":[{"start":{"line":306,"column":8},"end":{"line":306,"column":8},"skip":true},{"start":{"line":306,"column":8},"end":{"line":306,"column":8},"skip":true}]},"26":{"line":310,"type":"if","locations":[{"start":{"line":310,"column":8},"end":{"line":310,"column":8},"skip":true},{"start":{"line":310,"column":8},"end":{"line":310,"column":8},"skip":true}]},"27":{"line":313,"type":"binary-expr","locations":[{"start":{"line":313,"column":27},"end":{"line":313,"column":43},"skip":true},{"start":{"line":313,"column":47},"end":{"line":313,"column":53},"skip":true}]},"28":{"line":317,"type":"if","locations":[{"start":{"line":317,"column":12},"end":{"line":317,"column":12},"skip":true},{"start":{"line":317,"column":12},"end":{"line":317,"column":12},"skip":true}]}},"code":["/*","example.js","","quickstart example","","instruction","    1. save this script as example.js","    2. run the shell command:","        $ npm install npmtest-spm && PORT=8081 node example.js","    3. play with the browser-demo on http://127.0.0.1:8081","*/","","","","/* istanbul instrument in package npmtest_spm */","/*jslint","    bitwise: true,","    browser: true,","    maxerr: 8,","    maxlen: 96,","    node: true,","    nomen: true,","    regexp: true,","    stupid: true","*/","(function () {","    'use strict';","    var local;","","","","    // run shared js-env code - pre-init","    (function () {","        // init local","        local = {};","        // init modeJs","        local.modeJs = (function () {","            try {","                return typeof navigator.userAgent === 'string' &&","                    typeof document.querySelector('body') === 'object' &&","                    typeof XMLHttpRequest.prototype.open === 'function' &&","                    'browser';","            } catch (errorCaughtBrowser) {","                return module.exports &&","                    typeof process.versions.node === 'string' &&","                    typeof require('http').createServer === 'function' &&","                    'node';","            }","        }());","        // init global","        local.global = local.modeJs === 'browser'","            ? window","            : global;","        // init utility2_rollup","        local = local.global.utility2_rollup || (local.modeJs === 'browser'","            ? local.global.utility2_npmtest_spm","            : global.utility2_moduleExports);","        // export local","        local.global.local = local;","    }());","    switch (local.modeJs) {","","","","    // post-init","    // run browser js-env code - post-init","    /* istanbul ignore next */","    case 'browser':","        local.testRunBrowser = function (event) {","            if (!event || (event &&","                    event.currentTarget &&","                    event.currentTarget.className &&","                    event.currentTarget.className.includes &&","                    event.currentTarget.className.includes('onreset'))) {","                // reset output","                Array.from(","                    document.querySelectorAll('body > .resettable')","                ).forEach(function (element) {","                    switch (element.tagName) {","                    case 'INPUT':","                    case 'TEXTAREA':","                        element.value = '';","                        break;","                    default:","                        element.textContent = '';","                    }","                });","            }","            switch (event && event.currentTarget && event.currentTarget.id) {","            case 'testRunButton1':","                // show tests","                if (document.querySelector('#testReportDiv1').style.display === 'none') {","                    document.querySelector('#testReportDiv1').style.display = 'block';","                    document.querySelector('#testRunButton1').textContent =","                        'hide internal test';","                    local.modeTest = true;","                    local.testRunDefault(local);","                // hide tests","                } else {","                    document.querySelector('#testReportDiv1').style.display = 'none';","                    document.querySelector('#testRunButton1').textContent = 'run internal test';","                }","                break;","            // custom-case","            default:","                break;","            }","            if (document.querySelector('#inputTextareaEval1') && (!event || (event &&","                    event.currentTarget &&","                    event.currentTarget.className &&","                    event.currentTarget.className.includes &&","                    event.currentTarget.className.includes('oneval')))) {","                // try to eval input-code","                try {","                    /*jslint evil: true*/","                    eval(document.querySelector('#inputTextareaEval1').value);","                } catch (errorCaught) {","                    console.error(errorCaught);","                }","            }","        };","        // log stderr and stdout to #outputTextareaStdout1","        ['error', 'log'].forEach(function (key) {","            console[key + '_original'] = console[key];","            console[key] = function () {","                var element;","                console[key + '_original'].apply(console, arguments);","                element = document.querySelector('#outputTextareaStdout1');","                if (!element) {","                    return;","                }","                // append text to #outputTextareaStdout1","                element.value += Array.from(arguments).map(function (arg) {","                    return typeof arg === 'string'","                        ? arg","                        : JSON.stringify(arg, null, 4);","                }).join(' ') + '\\n';","                // scroll textarea to bottom","                element.scrollTop = element.scrollHeight;","            };","        });","        // init event-handling","        ['change', 'click', 'keyup'].forEach(function (event) {","            Array.from(document.querySelectorAll('.on' + event)).forEach(function (element) {","                element.addEventListener(event, local.testRunBrowser);","            });","        });","        // run tests","        local.testRunBrowser();","        break;","","","","    // run node js-env code - post-init","    /* istanbul ignore next */","    case 'node':","        // export local","        module.exports = local;","        // require modules","        local.fs = require('fs');","        local.http = require('http');","        local.url = require('url');","        // init assets","        local.assetsDict = local.assetsDict || {};","        /* jslint-ignore-begin */","        local.assetsDict['/assets.index.template.html'] = '\\","<!doctype html>\\n\\","<html lang=\"en\">\\n\\","<head>\\n\\","<meta charset=\"UTF-8\">\\n\\","<meta name=\"viewport\" content=\"width=device-width, initial-scale=1\">\\n\\","<title>{{env.npm_package_name}} (v{{env.npm_package_version}})</title>\\n\\","<style>\\n\\","/*csslint\\n\\","    box-sizing: false,\\n\\","    universal-selector: false\\n\\","*/\\n\\","* {\\n\\","    box-sizing: border-box;\\n\\","}\\n\\","body {\\n\\","    background: #dde;\\n\\","    font-family: Arial, Helvetica, sans-serif;\\n\\","    margin: 2rem;\\n\\","}\\n\\","body > * {\\n\\","    margin-bottom: 1rem;\\n\\","}\\n\\",".utility2FooterDiv {\\n\\","    margin-top: 20px;\\n\\","    text-align: center;\\n\\","}\\n\\","</style>\\n\\","<style>\\n\\","/*csslint\\n\\","*/\\n\\","textarea {\\n\\","    font-family: monospace;\\n\\","    height: 10rem;\\n\\","    width: 100%;\\n\\","}\\n\\","textarea[readonly] {\\n\\","    background: #ddd;\\n\\","}\\n\\","</style>\\n\\","</head>\\n\\","<body>\\n\\","<!-- utility2-comment\\n\\","<div id=\"ajaxProgressDiv1\" style=\"background: #d00; height: 2px; left: 0; margin: 0; padding: 0; position: fixed; top: 0; transition: background 0.5s, width 1.5s; width: 25%;\"></div>\\n\\","utility2-comment -->\\n\\","<h1>\\n\\","<!-- utility2-comment\\n\\","    <a\\n\\","        {{#if env.npm_package_homepage}}\\n\\","        href=\"{{env.npm_package_homepage}}\"\\n\\","        {{/if env.npm_package_homepage}}\\n\\","        target=\"_blank\"\\n\\","    >\\n\\","utility2-comment -->\\n\\","        {{env.npm_package_name}} (v{{env.npm_package_version}})\\n\\","<!-- utility2-comment\\n\\","    </a>\\n\\","utility2-comment -->\\n\\","</h1>\\n\\","<h3>{{env.npm_package_description}}</h3>\\n\\","<!-- utility2-comment\\n\\","<h4><a download href=\"assets.app.js\">download standalone app</a></h4>\\n\\","<button class=\"onclick onreset\" id=\"testRunButton1\">run internal test</button><br>\\n\\","<div id=\"testReportDiv1\" style=\"display: none;\"></div>\\n\\","utility2-comment -->\\n\\","\\n\\","\\n\\","\\n\\","<label>stderr and stdout</label>\\n\\","<textarea class=\"resettable\" id=\"outputTextareaStdout1\" readonly></textarea>\\n\\","<!-- utility2-comment\\n\\","{{#if isRollup}}\\n\\","<script src=\"assets.app.js\"></script>\\n\\","{{#unless isRollup}}\\n\\","utility2-comment -->\\n\\","<script src=\"assets.utility2.rollup.js\"></script>\\n\\","<script src=\"jsonp.utility2._stateInit?callback=window.utility2._stateInit\"></script>\\n\\","<script src=\"assets.npmtest_spm.rollup.js\"></script>\\n\\","<script src=\"assets.example.js\"></script>\\n\\","<script src=\"assets.test.js\"></script>\\n\\","<!-- utility2-comment\\n\\","{{/if isRollup}}\\n\\","utility2-comment -->\\n\\","<div class=\"utility2FooterDiv\">\\n\\","    [ this app was created with\\n\\","    <a href=\"https://github.com/kaizhu256/node-utility2\" target=\"_blank\">utility2</a>\\n\\","    ]\\n\\","</div>\\n\\","</body>\\n\\","</html>\\n\\","';","        /* jslint-ignore-end */","        if (local.templateRender) {","            local.assetsDict['/'] = local.templateRender(","                local.assetsDict['/assets.index.template.html'],","                {","                    env: local.objectSetDefault(local.env, {","                        npm_package_description: 'the greatest app in the world!',","                        npm_package_name: 'my-app',","                        npm_package_nameAlias: 'my_app',","                        npm_package_version: '0.0.1'","                    })","                }","            );","        } else {","            local.assetsDict['/'] = local.assetsDict['/assets.index.template.html']","                .replace((/\\{\\{env\\.(\\w+?)\\}\\}/g), function (match0, match1) {","                    // jslint-hack","                    String(match0);","                    switch (match1) {","                    case 'npm_package_description':","                        return 'the greatest app in the world!';","                    case 'npm_package_name':","                        return 'my-app';","                    case 'npm_package_nameAlias':","                        return 'my_app';","                    case 'npm_package_version':","                        return '0.0.1';","                    }","                });","        }","        // run the cli","        if (local.global.utility2_rollup || module !== require.main) {","            break;","        }","        local.assetsDict['/assets.example.js'] =","            local.assetsDict['/assets.example.js'] ||","            local.fs.readFileSync(__filename, 'utf8');","        // bug-workaround - long $npm_package_buildCustomOrg","        /* jslint-ignore-begin */","        local.assetsDict['/assets.npmtest_spm.rollup.js'] =","            local.assetsDict['/assets.npmtest_spm.rollup.js'] ||","            local.fs.readFileSync(","                local.npmtest_spm.__dirname + '/lib.npmtest_spm.js',","                'utf8'","            ).replace((/^#!/), '//');","        /* jslint-ignore-end */","        local.assetsDict['/favicon.ico'] = local.assetsDict['/favicon.ico'] || '';","        // if $npm_config_timeout_exit exists,","        // then exit this process after $npm_config_timeout_exit ms","        if (Number(process.env.npm_config_timeout_exit)) {","            setTimeout(process.exit, Number(process.env.npm_config_timeout_exit));","        }","        // start server","        if (local.global.utility2_serverHttp1) {","            break;","        }","        process.env.PORT = process.env.PORT || '8081';","        console.error('server starting on port ' + process.env.PORT);","        local.http.createServer(function (request, response) {","            request.urlParsed = local.url.parse(request.url);","            if (local.assetsDict[request.urlParsed.pathname] !== undefined) {","                response.end(local.assetsDict[request.urlParsed.pathname]);","                return;","            }","            response.statusCode = 404;","            response.end();","        }).listen(process.env.PORT);","        break;","    }","}());",""],"l":{"26":2,"28":2,"33":2,"35":2,"37":2,"38":2,"39":2,"44":1,"51":2,"55":2,"59":2,"61":2,"69":1,"70":2,"76":2,"79":2,"82":2,"83":2,"85":1,"89":2,"92":1,"93":1,"94":1,"96":1,"97":1,"100":1,"101":1,"103":1,"106":1,"108":2,"114":1,"116":1,"118":1,"123":1,"124":2,"125":2,"126":3,"127":3,"128":3,"129":3,"130":1,"133":3,"134":3,"139":3,"143":1,"144":3,"145":1,"149":1,"150":1,"158":1,"160":1,"161":1,"162":1,"164":1,"166":1,"258":1,"259":1,"271":1,"274":6,"275":6,"277":1,"279":2,"281":1,"283":2,"288":1,"289":1,"291":1,"296":1,"303":1,"306":1,"307":1,"310":1,"311":1,"313":1,"314":1,"315":1,"316":1,"317":1,"318":1,"319":1,"321":1,"322":1,"324":1}},"/home/travis/build/npmtest/node-npmtest-spm/node_modules/spm/lib/client.js":{"path":"/home/travis/build/npmtest/node-npmtest-spm/node_modules/spm/lib/client.js","s":{"1":1,"2":1,"3":1,"4":1,"5":1,"6":1,"7":1,"8":1,"9":1,"10":1,"11":1,"12":1,"13":1,"14":1,"15":6},"b":{"1":[1,0],"2":[1,1],"3":[1,1]},"f":{"1":6},"fnMap":{"1":{"name":"(anonymous_1)","line":35,"loc":{"start":{"line":35,"column":16},"end":{"line":35,"column":33}}}},"statementMap":{"1":{"start":{"line":1,"column":0},"end":{"line":1,"column":23}},"2":{"start":{"line":2,"column":0},"end":{"line":2,"column":29}},"3":{"start":{"line":3,"column":0},"end":{"line":3,"column":35}},"4":{"start":{"line":4,"column":0},"end":{"line":4,"column":48}},"5":{"start":{"line":5,"column":0},"end":{"line":5,"column":38}},"6":{"start":{"line":8,"column":0},"end":{"line":8,"column":13}},"7":{"start":{"line":9,"column":0},"end":{"line":13,"column":1}},"8":{"start":{"line":10,"column":2},"end":{"line":10,"column":37}},"9":{"start":{"line":11,"column":2},"end":{"line":11,"column":26}},"10":{"start":{"line":12,"column":2},"end":{"line":12,"column":26}},"11":{"start":{"line":16,"column":0},"end":{"line":21,"column":3}},"12":{"start":{"line":23,"column":0},"end":{"line":23,"column":31}},"13":{"start":{"line":25,"column":0},"end":{"line":32,"column":2}},"14":{"start":{"line":35,"column":0},"end":{"line":37,"column":3}},"15":{"start":{"line":36,"column":2},"end":{"line":36,"column":44}}},"branchMap":{"1":{"line":9,"type":"if","locations":[{"start":{"line":9,"column":0},"end":{"line":9,"column":0}},{"start":{"line":9,"column":0},"end":{"line":9,"column":0}}]},"2":{"line":11,"type":"binary-expr","locations":[{"start":{"line":11,"column":12},"end":{"line":11,"column":19}},{"start":{"line":11,"column":23},"end":{"line":11,"column":25}}]},"3":{"line":17,"type":"binary-expr","locations":[{"start":{"line":17,"column":12},"end":{"line":17,"column":20}},{"start":{"line":17,"column":24},"end":{"line":17,"column":45}}]}},"code":["var co = require('co');","var spmrc = require('spmrc');","var client = require('spm-client');","var readJSON = require('fs-extra').readJSONSync;","var exists = require('fs').existsSync;","","// read registry from spm.registry in package.json","var registry;","if (exists('package.json')) {","  var pkg = readJSON('package.json');","  var spm = pkg.spm || {};","  registry = spm.registry;","}","","// load global config from spmrc","client.config({","  registry: registry || spmrc.get('registry'),","  proxy: spmrc.get('proxy'),","  auth: spmrc.get('auth'),","  temp: spmrc.get('user.temp')","});","","exports.config = client.config;","","var methods= [","  'publish',","  'unpublish',","  'login',","  'install',","  'info',","  'search'","];","","// export client api with co wrap","methods.forEach(function(method) {","  exports[method] = co.wrap(client[method]);","});","","",""],"l":{"1":1,"2":1,"3":1,"4":1,"5":1,"8":1,"9":1,"10":1,"11":1,"12":1,"16":1,"23":1,"25":1,"35":1,"36":6}},"/home/travis/build/npmtest/node-npmtest-spm/node_modules/spmrc/index.js":{"path":"/home/travis/build/npmtest/node-npmtest-spm/node_modules/spmrc/index.js","s":{"1":1,"2":1,"3":1,"4":1,"5":0,"6":1,"7":1,"8":1,"9":1,"10":1,"11":0,"12":1,"13":1,"14":1,"15":12,"16":12,"17":12,"18":0,"19":12,"20":0,"21":12,"22":12,"23":12,"24":17,"25":12,"26":8,"27":4,"28":1,"29":0,"30":0,"31":0,"32":0,"33":0,"34":0,"35":0,"36":0,"37":0,"38":0,"39":0,"40":0,"41":0,"42":0,"43":0,"44":0,"45":0,"46":1,"47":0,"48":0,"49":0,"50":1,"51":1,"52":1,"53":12,"54":12,"55":12,"56":0,"57":0,"58":0,"59":0,"60":0,"61":0,"62":0,"63":0,"64":0,"65":0,"66":0,"67":0,"68":0,"69":0,"70":0,"71":0,"72":0,"73":0,"74":0,"75":0,"76":0,"77":0,"78":0,"79":0,"80":1,"81":1,"82":0,"83":0,"84":0,"85":0,"86":0,"87":0,"88":0,"89":0,"90":0,"91":0,"92":0,"93":0,"94":0,"95":0,"96":0,"97":1,"98":1,"99":12,"100":12,"101":0,"102":0,"103":0,"104":0,"105":0,"106":12,"107":1,"108":0,"109":0,"110":0,"111":0,"112":0,"113":0,"114":0,"115":1,"116":0,"117":0,"118":0,"119":0,"120":0,"121":0,"122":0,"123":0},"b":{"1":[0,1],"2":[1,1,1],"3":[1,0],"4":[0,1],"5":[0,12],"6":[0,12],"7":[12,5],"8":[8,4],"9":[12,12],"10":[0,0],"11":[0,0],"12":[0,0],"13":[0,0],"14":[0,0],"15":[12,0],"16":[12,0],"17":[0,0],"18":[0,0],"19":[0,0],"20":[0,0],"21":[0,0],"22":[0,0],"23":[0,0],"24":[0,0],"25":[0,0],"26":[0,0],"27":[0,0],"28":[0,0],"29":[0,0],"30":[0,0]},"f":{"1":12,"2":17,"3":0,"4":0,"5":12,"6":0,"7":0,"8":0,"9":0,"10":12,"11":0,"12":0,"13":0,"14":0},"fnMap":{"1":{"name":"(anonymous_1)","line":49,"loc":{"start":{"line":49,"column":14},"end":{"line":49,"column":28}}},"2":{"name":"(anonymous_2)","line":59,"loc":{"start":{"line":59,"column":15},"end":{"line":59,"column":33}}},"3":{"name":"(anonymous_3)","line":69,"loc":{"start":{"line":69,"column":14},"end":{"line":69,"column":35}}},"4":{"name":"(anonymous_4)","line":97,"loc":{"start":{"line":97,"column":17},"end":{"line":97,"column":38}}},"5":{"name":"parse","line":114,"loc":{"start":{"line":114,"column":0},"end":{"line":114,"column":21}}},"6":{"name":"(anonymous_6)","line":130,"loc":{"start":{"line":130,"column":16},"end":{"line":130,"column":31}}},"7":{"name":"updateConfig","line":154,"loc":{"start":{"line":154,"column":0},"end":{"line":154,"column":28}}},"8":{"name":"(anonymous_8)","line":159,"loc":{"start":{"line":159,"column":28},"end":{"line":159,"column":46}}},"9":{"name":"(anonymous_9)","line":167,"loc":{"start":{"line":167,"column":41},"end":{"line":167,"column":55}}},"10":{"name":"renderConfig","line":184,"loc":{"start":{"line":184,"column":0},"end":{"line":184,"column":28}}},"11":{"name":"(anonymous_11)","line":186,"loc":{"start":{"line":186,"column":28},"end":{"line":186,"column":46}}},"12":{"name":"merge","line":202,"loc":{"start":{"line":202,"column":0},"end":{"line":202,"column":20}}},"13":{"name":"mkdir","line":221,"loc":{"start":{"line":221,"column":0},"end":{"line":221,"column":24}}},"14":{"name":"(anonymous_14)","line":224,"loc":{"start":{"line":224,"column":34},"end":{"line":224,"column":56}}}},"statementMap":{"1":{"start":{"line":16,"column":0},"end":{"line":16,"column":23}},"2":{"start":{"line":17,"column":0},"end":{"line":17,"column":27}},"3":{"start":{"line":19,"column":0},"end":{"line":19,"column":31}},"4":{"start":{"line":20,"column":0},"end":{"line":22,"column":1}},"5":{"start":{"line":21,"column":2},"end":{"line":21,"column":57}},"6":{"start":{"line":27,"column":0},"end":{"line":27,"column":59}},"7":{"start":{"line":30,"column":0},"end":{"line":30,"column":49}},"8":{"start":{"line":32,"column":0},"end":{"line":32,"column":71}},"9":{"start":{"line":33,"column":0},"end":{"line":39,"column":1}},"10":{"start":{"line":34,"column":2},"end":{"line":38,"column":3}},"11":{"start":{"line":35,"column":4},"end":{"line":35,"column":33}},"12":{"start":{"line":37,"column":4},"end":{"line":37,"column":20}},"13":{"start":{"line":41,"column":0},"end":{"line":46,"column":2}},"14":{"start":{"line":49,"column":0},"end":{"line":66,"column":2}},"15":{"start":{"line":50,"column":2},"end":{"line":50,"column":31}},"16":{"start":{"line":51,"column":2},"end":{"line":51,"column":38}},"17":{"start":{"line":52,"column":2},"end":{"line":54,"column":3}},"18":{"start":{"line":53,"column":4},"end":{"line":53,"column":51}},"19":{"start":{"line":55,"column":2},"end":{"line":55,"column":23}},"20":{"start":{"line":55,"column":12},"end":{"line":55,"column":23}},"21":{"start":{"line":57,"column":2},"end":{"line":57,"column":30}},"22":{"start":{"line":58,"column":2},"end":{"line":58,"column":28}},"23":{"start":{"line":59,"column":2},"end":{"line":61,"column":5}},"24":{"start":{"line":60,"column":4},"end":{"line":60,"column":36}},"25":{"start":{"line":62,"column":2},"end":{"line":64,"column":3}},"26":{"start":{"line":63,"column":4},"end":{"line":63,"column":25}},"27":{"start":{"line":65,"column":2},"end":{"line":65,"column":13}},"28":{"start":{"line":69,"column":0},"end":{"line":91,"column":2}},"29":{"start":{"line":70,"column":2},"end":{"line":70,"column":31}},"30":{"start":{"line":71,"column":2},"end":{"line":71,"column":25}},"31":{"start":{"line":72,"column":2},"end":{"line":72,"column":28}},"32":{"start":{"line":73,"column":2},"end":{"line":73,"column":10}},"33":{"start":{"line":75,"column":2},"end":{"line":80,"column":3}},"34":{"start":{"line":76,"column":4},"end":{"line":76,"column":13}},"35":{"start":{"line":77,"column":4},"end":{"line":77,"column":38}},"36":{"start":{"line":78,"column":4},"end":{"line":78,"column":22}},"37":{"start":{"line":79,"column":4},"end":{"line":79,"column":15}},"38":{"start":{"line":81,"column":2},"end":{"line":88,"column":3}},"39":{"start":{"line":82,"column":4},"end":{"line":82,"column":40}},"40":{"start":{"line":83,"column":4},"end":{"line":83,"column":35}},"41":{"start":{"line":84,"column":9},"end":{"line":88,"column":3}},"42":{"start":{"line":85,"column":4},"end":{"line":85,"column":26}},"43":{"start":{"line":87,"column":4},"end":{"line":87,"column":80}},"44":{"start":{"line":89,"column":2},"end":{"line":89,"column":21}},"45":{"start":{"line":90,"column":2},"end":{"line":90,"column":14}},"46":{"start":{"line":97,"column":0},"end":{"line":100,"column":2}},"47":{"start":{"line":98,"column":2},"end":{"line":98,"column":38}},"48":{"start":{"line":98,"column":14},"end":{"line":98,"column":38}},"49":{"start":{"line":99,"column":2},"end":{"line":99,"column":33}},"50":{"start":{"line":103,"column":0},"end":{"line":107,"column":2}},"51":{"start":{"line":108,"column":0},"end":{"line":108,"column":16}},"52":{"start":{"line":114,"column":0},"end":{"line":150,"column":1}},"53":{"start":{"line":115,"column":2},"end":{"line":115,"column":35}},"54":{"start":{"line":116,"column":2},"end":{"line":118,"column":3}},"55":{"start":{"line":117,"column":4},"end":{"line":117,"column":14}},"56":{"start":{"line":119,"column":2},"end":{"line":119,"column":11}},"57":{"start":{"line":120,"column":2},"end":{"line":125,"column":3}},"58":{"start":{"line":121,"column":4},"end":{"line":121,"column":24}},"59":{"start":{"line":123,"column":4},"end":{"line":123,"column":41}},"60":{"start":{"line":124,"column":4},"end":{"line":124,"column":24}},"61":{"start":{"line":126,"column":2},"end":{"line":126,"column":17}},"62":{"start":{"line":127,"column":2},"end":{"line":127,"column":39}},"63":{"start":{"line":128,"column":2},"end":{"line":128,"column":21}},"64":{"start":{"line":129,"column":2},"end":{"line":129,"column":12}},"65":{"start":{"line":130,"column":2},"end":{"line":148,"column":5}},"66":{"start":{"line":131,"column":4},"end":{"line":133,"column":5}},"67":{"start":{"line":132,"column":6},"end":{"line":132,"column":13}},"68":{"start":{"line":134,"column":4},"end":{"line":147,"column":5}},"69":{"start":{"line":135,"column":6},"end":{"line":135,"column":38}},"70":{"start":{"line":136,"column":6},"end":{"line":140,"column":7}},"71":{"start":{"line":137,"column":8},"end":{"line":137,"column":44}},"72":{"start":{"line":139,"column":8},"end":{"line":139,"column":35}},"73":{"start":{"line":141,"column":11},"end":{"line":147,"column":5}},"74":{"start":{"line":142,"column":6},"end":{"line":142,"column":40}},"75":{"start":{"line":143,"column":6},"end":{"line":143,"column":27}},"76":{"start":{"line":144,"column":6},"end":{"line":144,"column":25}},"77":{"start":{"line":145,"column":11},"end":{"line":147,"column":5}},"78":{"start":{"line":146,"column":6},"end":{"line":146,"column":21}},"79":{"start":{"line":149,"column":2},"end":{"line":149,"column":15}},"80":{"start":{"line":151,"column":0},"end":{"line":151,"column":22}},"81":{"start":{"line":154,"column":0},"end":{"line":177,"column":1}},"82":{"start":{"line":155,"column":2},"end":{"line":155,"column":16}},"83":{"start":{"line":156,"column":2},"end":{"line":156,"column":18}},"84":{"start":{"line":157,"column":2},"end":{"line":157,"column":31}},"85":{"start":{"line":159,"column":2},"end":{"line":173,"column":5}},"86":{"start":{"line":160,"column":4},"end":{"line":164,"column":5}},"87":{"start":{"line":161,"column":6},"end":{"line":161,"column":19}},"88":{"start":{"line":163,"column":6},"end":{"line":163,"column":19}},"89":{"start":{"line":165,"column":4},"end":{"line":172,"column":5}},"90":{"start":{"line":166,"column":6},"end":{"line":166,"column":36}},"91":{"start":{"line":167,"column":6},"end":{"line":169,"column":9}},"92":{"start":{"line":168,"column":8},"end":{"line":168,"column":56}},"93":{"start":{"line":171,"column":6},"end":{"line":171,"column":46}},"94":{"start":{"line":174,"column":2},"end":{"line":174,"column":28}},"95":{"start":{"line":175,"column":2},"end":{"line":175,"column":31}},"96":{"start":{"line":176,"column":2},"end":{"line":176,"column":22}},"97":{"start":{"line":178,"column":0},"end":{"line":178,"column":29}},"98":{"start":{"line":184,"column":0},"end":{"line":196,"column":1}},"99":{"start":{"line":185,"column":2},"end":{"line":185,"column":15}},"100":{"start":{"line":186,"column":2},"end":{"line":194,"column":5}},"101":{"start":{"line":187,"column":4},"end":{"line":187,"column":38}},"102":{"start":{"line":188,"column":4},"end":{"line":193,"column":5}},"103":{"start":{"line":189,"column":6},"end":{"line":189,"column":48}},"104":{"start":{"line":190,"column":6},"end":{"line":190,"column":52}},"105":{"start":{"line":192,"column":6},"end":{"line":192,"column":35}},"106":{"start":{"line":195,"column":2},"end":{"line":195,"column":13}},"107":{"start":{"line":202,"column":0},"end":{"line":215,"column":1}},"108":{"start":{"line":203,"column":2},"end":{"line":203,"column":18}},"109":{"start":{"line":205,"column":2},"end":{"line":212,"column":3}},"110":{"start":{"line":206,"column":4},"end":{"line":206,"column":26}},"111":{"start":{"line":207,"column":4},"end":{"line":211,"column":5}},"112":{"start":{"line":208,"column":6},"end":{"line":210,"column":7}},"113":{"start":{"line":209,"column":8},"end":{"line":209,"column":31}},"114":{"start":{"line":214,"column":2},"end":{"line":214,"column":13}},"115":{"start":{"line":221,"column":0},"end":{"line":232,"column":1}},"116":{"start":{"line":222,"column":2},"end":{"line":222,"column":37}},"117":{"start":{"line":222,"column":30},"end":{"line":222,"column":37}},"118":{"start":{"line":224,"column":2},"end":{"line":231,"column":9}},"119":{"start":{"line":225,"column":4},"end":{"line":225,"column":24}},"120":{"start":{"line":226,"column":4},"end":{"line":226,"column":38}},"121":{"start":{"line":227,"column":4},"end":{"line":229,"column":5}},"122":{"start":{"line":228,"column":6},"end":{"line":228,"column":28}},"123":{"start":{"line":230,"column":4},"end":{"line":230,"column":17}}},"branchMap":{"1":{"line":20,"type":"if","locations":[{"start":{"line":20,"column":0},"end":{"line":20,"column":0}},{"start":{"line":20,"column":0},"end":{"line":20,"column":0}}]},"2":{"line":32,"type":"binary-expr","locations":[{"start":{"line":32,"column":13},"end":{"line":32,"column":31}},{"start":{"line":32,"column":35},"end":{"line":32,"column":50}},{"start":{"line":32,"column":54},"end":{"line":32,"column":70}}]},"3":{"line":33,"type":"if","locations":[{"start":{"line":33,"column":0},"end":{"line":33,"column":0}},{"start":{"line":33,"column":0},"end":{"line":33,"column":0}}]},"4":{"line":34,"type":"if","locations":[{"start":{"line":34,"column":2},"end":{"line":34,"column":2}},{"start":{"line":34,"column":2},"end":{"line":34,"column":2}}]},"5":{"line":52,"type":"if","locations":[{"start":{"line":52,"column":2},"end":{"line":52,"column":2}},{"start":{"line":52,"column":2},"end":{"line":52,"column":2}}]},"6":{"line":55,"type":"if","locations":[{"start":{"line":55,"column":2},"end":{"line":55,"column":2}},{"start":{"line":55,"column":2},"end":{"line":55,"column":2}}]},"7":{"line":60,"type":"cond-expr","locations":[{"start":{"line":60,"column":16},"end":{"line":60,"column":28}},{"start":{"line":60,"column":31},"end":{"line":60,"column":35}}]},"8":{"line":62,"type":"if","locations":[{"start":{"line":62,"column":2},"end":{"line":62,"column":2}},{"start":{"line":62,"column":2},"end":{"line":62,"column":2}}]},"9":{"line":62,"type":"binary-expr","locations":[{"start":{"line":62,"column":6},"end":{"line":62,"column":10}},{"start":{"line":62,"column":14},"end":{"line":62,"column":27}}]},"10":{"line":75,"type":"if","locations":[{"start":{"line":75,"column":2},"end":{"line":75,"column":2}},{"start":{"line":75,"column":2},"end":{"line":75,"column":2}}]},"11":{"line":81,"type":"if","locations":[{"start":{"line":81,"column":2},"end":{"line":81,"column":2}},{"start":{"line":81,"column":2},"end":{"line":81,"column":2}}]},"12":{"line":82,"type":"binary-expr","locations":[{"start":{"line":82,"column":20},"end":{"line":82,"column":33}},{"start":{"line":82,"column":37},"end":{"line":82,"column":39}}]},"13":{"line":84,"type":"if","locations":[{"start":{"line":84,"column":9},"end":{"line":84,"column":9}},{"start":{"line":84,"column":9},"end":{"line":84,"column":9}}]},"14":{"line":98,"type":"if","locations":[{"start":{"line":98,"column":2},"end":{"line":98,"column":2}},{"start":{"line":98,"column":2},"end":{"line":98,"column":2}}]},"15":{"line":115,"type":"binary-expr","locations":[{"start":{"line":115,"column":9},"end":{"line":115,"column":13}},{"start":{"line":115,"column":17},"end":{"line":115,"column":34}}]},"16":{"line":116,"type":"if","locations":[{"start":{"line":116,"column":2},"end":{"line":116,"column":2}},{"start":{"line":116,"column":2},"end":{"line":116,"column":2}}]},"17":{"line":120,"type":"if","locations":[{"start":{"line":120,"column":2},"end":{"line":120,"column":2}},{"start":{"line":120,"column":2},"end":{"line":120,"column":2}}]},"18":{"line":131,"type":"if","locations":[{"start":{"line":131,"column":4},"end":{"line":131,"column":4}},{"start":{"line":131,"column":4},"end":{"line":131,"column":4}}]},"19":{"line":134,"type":"if","locations":[{"start":{"line":134,"column":4},"end":{"line":134,"column":4}},{"start":{"line":134,"column":4},"end":{"line":134,"column":4}}]},"20":{"line":136,"type":"if","locations":[{"start":{"line":136,"column":6},"end":{"line":136,"column":6}},{"start":{"line":136,"column":6},"end":{"line":136,"column":6}}]},"21":{"line":141,"type":"if","locations":[{"start":{"line":141,"column":11},"end":{"line":141,"column":11}},{"start":{"line":141,"column":11},"end":{"line":141,"column":11}}]},"22":{"line":145,"type":"if","locations":[{"start":{"line":145,"column":11},"end":{"line":145,"column":11}},{"start":{"line":145,"column":11},"end":{"line":145,"column":11}}]},"23":{"line":145,"type":"binary-expr","locations":[{"start":{"line":145,"column":15},"end":{"line":145,"column":32}},{"start":{"line":145,"column":36},"end":{"line":145,"column":43}}]},"24":{"line":160,"type":"if","locations":[{"start":{"line":160,"column":4},"end":{"line":160,"column":4}},{"start":{"line":160,"column":4},"end":{"line":160,"column":4}}]},"25":{"line":165,"type":"if","locations":[{"start":{"line":165,"column":4},"end":{"line":165,"column":4}},{"start":{"line":165,"column":4},"end":{"line":165,"column":4}}]},"26":{"line":188,"type":"if","locations":[{"start":{"line":188,"column":4},"end":{"line":188,"column":4}},{"start":{"line":188,"column":4},"end":{"line":188,"column":4}}]},"27":{"line":189,"type":"binary-expr","locations":[{"start":{"line":189,"column":25},"end":{"line":189,"column":41}},{"start":{"line":189,"column":45},"end":{"line":189,"column":47}}]},"28":{"line":208,"type":"if","locations":[{"start":{"line":208,"column":6},"end":{"line":208,"column":6}},{"start":{"line":208,"column":6},"end":{"line":208,"column":6}}]},"29":{"line":222,"type":"if","locations":[{"start":{"line":222,"column":2},"end":{"line":222,"column":2}},{"start":{"line":222,"column":2},"end":{"line":222,"column":2}}]},"30":{"line":227,"type":"if","locations":[{"start":{"line":227,"column":4},"end":{"line":227,"column":4}},{"start":{"line":227,"column":4},"end":{"line":227,"column":4}}]}},"code":["/*"," * spmrc"," *"," * Thanks to: https://github.com/shockie/node-iniparser"," *"," * An example of ~/.spm/spmrc-3x"," *"," * [user]"," * username=lepture"," *"," * [server:spm]"," * url = https://spmjs.io"," *"," */","","var fs = require('fs');","var path = require('path');","","var homedir = process.env.HOME;","if (!homedir) {","  homedir = process.env.HOMEDRIVE + process.env.HOMEPATH;","}","","/**"," * Where is your spmrc file."," */","exports.spmrcfile = path.join(homedir, '.spm', 'spmrc-3x');","","","var localrc = path.join(process.cwd(), '.spmrc');","","var tmpdir = process.env.TMPDIR || process.env.TMP || process.env.TEMP;","if (!tmpdir) {","  if (process.platform === 'win32') {","    tmpdir = 'c:\\\\windows\\\\temp';","  } else {","    tmpdir = '/tmp';","  }","}","","var defaults = {","  'user.temp': tmpdir,","  'user.home': homedir,","  'registry': 'http://spmjs.io',","  'install.path': 'spm_modules'","};","","","exports.get = function(key) {","  var file = exports.spmrcfile;","  var ret = renderConfig(parse(file));","  if (fs.existsSync(localrc)) {","    ret = merge(ret, renderConfig(parse(localrc)));","  }","  if (!key) return ret;","","  key = key.replace(':', '.');","  var keys = key.split('.');","  keys.forEach(function(section) {","    ret = ret ? ret[section] : null;","  });","  if (!ret && defaults[key]) {","    return defaults[key];","  }","  return ret;","};","","","exports.set = function(key, value) {","  var file = exports.spmrcfile;","  var data = parse(file);","  var keys = key.split('.');","  var ret;","","  if (keys.length === 3) {","    ret = [];","    ret.push(keys[0] + ':' + keys[1]);","    ret.push(keys[2]);","    keys = ret;","  }","  if (keys.length === 2) {","    data[keys[0]] = data[keys[0]] || {};","    data[keys[0]][keys[1]] = value;","  } else if(keys.length === 1) {","    data[keys[0]] = value;","  } else {","    throw new Error('A valid input should be something like user.username=spm');","  }","  updateConfig(data);","  return data;","};","","","/**"," * Combine set and get into one function."," */","exports.config = function(key, value) {","  if (!value) return exports.get(key);","  return exports.set(key, value);","};","","","var regex = {","  section: /^\\s*\\[\\s*([^\\]]*)\\s*\\]\\s*$/,","  param: /^\\s*([\\w\\.\\-\\_]+)\\s*=\\s*(.*?)\\s*$/,","  comment: /^\\s*;.*$/","};","var _cache = {};","","","/**"," * Parse ini format data."," */","function parse(file) {","  file = file || exports.spmrcfile;","  if (!fs.existsSync(file)) {","    return {};","  }","  var data;","  if (_cache.hasOwnProperty(file)) {","    data = _cache[file];","  } else {","    data = fs.readFileSync(file, 'utf8');","    _cache[file] = data;","  }","  var value = {};","  var lines = data.split(/\\r\\n|\\r|\\n/);","  var section = null;","  var match;","  lines.forEach(function(line) {","    if (regex.comment.test(line)) {","      return;","    }","    if (regex.param.test(line)) {","      match = line.match(regex.param);","      if (section) {","        value[section][match[1]] = match[2];","      }else {","        value[match[1]] = match[2];","      }","    } else if (regex.section.test(line)) {","      match = line.match(regex.section);","      value[match[1]] = {};","      section = match[1];","    } else if (line.length === 0 && section) {","      section = null;","    }","  });","  return value;","}","exports.parse = parse;","","","function updateConfig(data) {","  var text = '';","  var init = true;","  var file = exports.spmrcfile;","","  Object.keys(data).forEach(function(section) {","    if (!init) {","      text += '\\n';","    } else {","      init = false;","    }","    if (typeof data[section] === 'object') {","      text += '[' + section + ']\\n';","      Object.keys(data[section]).forEach(function(key) {","        text += key + ' = ' + data[section][key] + '\\n';","      });","    } else {","      text += section + ' = ' + data[section];","    }","  });","  mkdir(path.dirname(file));","  fs.writeFileSync(file, text);","  delete _cache[file];","}","exports.write = updateConfig;","","","/**"," * Make config data to objects."," */","function renderConfig(data) {","  var ret = {};","  Object.keys(data).forEach(function(section) {","    var sections = section.split(':');","    if (sections.length === 2) {","      ret[sections[0]] = ret[sections[0]] || {};","      ret[sections[0]][sections[1]] = data[section];","    } else {","      ret[section] = data[section];","    }","  });","  return ret;","}","","","/**"," * Merge object key values."," */","function merge(obj) {","  var target, key;","","  for (var i = 1; i < arguments.length; i++) {","    target = arguments[i];","    for (key in target) {","      if (Object.prototype.hasOwnProperty.call(target, key)) {","        obj[key] = target[key];","      }","    }","  }","","  return obj;","}","","","/**"," * Recursively mkdir. Like `mkdir -r`"," */","function mkdir(dirpath) {","  if (fs.existsSync(dirpath)) return;","","  dirpath.split(/[\\/\\\\]/g).reduce(function(parts, part) {","    parts += part + '/';","    var subpath = path.resolve(parts);","    if (!fs.existsSync(subpath)) {","      fs.mkdirSync(subpath);","    }","    return parts;","  }, '');","}",""],"l":{"16":1,"17":1,"19":1,"20":1,"21":0,"27":1,"30":1,"32":1,"33":1,"34":1,"35":0,"37":1,"41":1,"49":1,"50":12,"51":12,"52":12,"53":0,"55":12,"57":12,"58":12,"59":12,"60":17,"62":12,"63":8,"65":4,"69":1,"70":0,"71":0,"72":0,"73":0,"75":0,"76":0,"77":0,"78":0,"79":0,"81":0,"82":0,"83":0,"84":0,"85":0,"87":0,"89":0,"90":0,"97":1,"98":0,"99":0,"103":1,"108":1,"114":1,"115":12,"116":12,"117":12,"119":0,"120":0,"121":0,"123":0,"124":0,"126":0,"127":0,"128":0,"129":0,"130":0,"131":0,"132":0,"134":0,"135":0,"136":0,"137":0,"139":0,"141":0,"142":0,"143":0,"144":0,"145":0,"146":0,"149":0,"151":1,"154":1,"155":0,"156":0,"157":0,"159":0,"160":0,"161":0,"163":0,"165":0,"166":0,"167":0,"168":0,"171":0,"174":0,"175":0,"176":0,"178":1,"184":1,"185":12,"186":12,"187":0,"188":0,"189":0,"190":0,"192":0,"195":12,"202":1,"203":0,"205":0,"206":0,"207":0,"208":0,"209":0,"214":0,"221":1,"222":0,"224":0,"225":0,"226":0,"227":0,"228":0,"230":0}},"/home/travis/build/npmtest/node-npmtest-spm/node_modules/spm-client/index.js":{"path":"/home/travis/build/npmtest/node-npmtest-spm/node_modules/spm-client/index.js","s":{"1":1,"2":1,"3":1,"4":1,"5":1,"6":1,"7":1,"8":1,"9":1},"b":{},"f":{},"fnMap":{},"statementMap":{"1":{"start":{"line":3,"column":0},"end":{"line":3,"column":41}},"2":{"start":{"line":4,"column":0},"end":{"line":4,"column":43}},"3":{"start":{"line":5,"column":0},"end":{"line":5,"column":47}},"4":{"start":{"line":6,"column":0},"end":{"line":6,"column":39}},"5":{"start":{"line":7,"column":0},"end":{"line":7,"column":43}},"6":{"start":{"line":8,"column":0},"end":{"line":8,"column":37}},"7":{"start":{"line":9,"column":0},"end":{"line":9,"column":41}},"8":{"start":{"line":11,"column":0},"end":{"line":11,"column":37}},"9":{"start":{"line":12,"column":0},"end":{"line":12,"column":35}}},"branchMap":{},"code":["'use strict';","","exports.config = require('./lib/config');","exports.publish = require('./lib/publish');","exports.unpublish = require('./lib/unpublish');","exports.login = require('./lib/login');","exports.install = require('./lib/install');","exports.info = require('./lib/info');","exports.search = require('./lib/search');","","exports.util = require('./lib/util');","exports.tar = require('./lib/tar');",""],"l":{"3":1,"4":1,"5":1,"6":1,"7":1,"8":1,"9":1,"11":1,"12":1}},"/home/travis/build/npmtest/node-npmtest-spm/node_modules/spm-client/lib/config.js":{"path":"/home/travis/build/npmtest/node-npmtest-spm/node_modules/spm-client/lib/config.js","s":{"1":1,"2":1,"3":1,"4":1,"5":1,"6":1,"7":1,"8":1,"9":1,"10":1,"11":0,"12":0,"13":1,"14":1,"15":1,"16":1,"17":1,"18":1,"19":6,"20":1,"21":1,"22":6,"23":2,"24":1},"b":{"1":[0,1],"2":[2,4],"3":[6,6]},"f":{"1":1,"2":1,"3":6,"4":1,"5":6},"fnMap":{"1":{"name":"config","line":29,"loc":{"start":{"line":29,"column":0},"end":{"line":29,"column":21}}},"2":{"name":"reset","line":39,"loc":{"start":{"line":39,"column":0},"end":{"line":39,"column":17}}},"3":{"name":"(anonymous_3)","line":41,"loc":{"start":{"line":41,"column":25},"end":{"line":41,"column":39}}},"4":{"name":"copy","line":46,"loc":{"start":{"line":46,"column":0},"end":{"line":46,"column":25}}},"5":{"name":"(anonymous_5)","line":47,"loc":{"start":{"line":47,"column":21},"end":{"line":47,"column":35}}}},"statementMap":{"1":{"start":{"line":3,"column":0},"end":{"line":3,"column":27}},"2":{"start":{"line":4,"column":0},"end":{"line":4,"column":29}},"3":{"start":{"line":5,"column":0},"end":{"line":5,"column":50}},"4":{"start":{"line":6,"column":0},"end":{"line":6,"column":23}},"5":{"start":{"line":8,"column":0},"end":{"line":21,"column":2}},"6":{"start":{"line":23,"column":0},"end":{"line":23,"column":24}},"7":{"start":{"line":24,"column":0},"end":{"line":24,"column":29}},"8":{"start":{"line":27,"column":0},"end":{"line":27,"column":8}},"9":{"start":{"line":29,"column":0},"end":{"line":37,"column":1}},"10":{"start":{"line":30,"column":2},"end":{"line":33,"column":3}},"11":{"start":{"line":31,"column":4},"end":{"line":31,"column":29}},"12":{"start":{"line":32,"column":4},"end":{"line":32,"column":19}},"13":{"start":{"line":34,"column":2},"end":{"line":34,"column":21}},"14":{"start":{"line":35,"column":2},"end":{"line":35,"column":27}},"15":{"start":{"line":36,"column":2},"end":{"line":36,"column":17}},"16":{"start":{"line":39,"column":0},"end":{"line":44,"column":1}},"17":{"start":{"line":40,"column":2},"end":{"line":40,"column":15}},"18":{"start":{"line":41,"column":2},"end":{"line":43,"column":5}},"19":{"start":{"line":42,"column":4},"end":{"line":42,"column":33}},"20":{"start":{"line":46,"column":0},"end":{"line":53,"column":1}},"21":{"start":{"line":47,"column":2},"end":{"line":51,"column":5}},"22":{"start":{"line":48,"column":4},"end":{"line":50,"column":5}},"23":{"start":{"line":49,"column":6},"end":{"line":49,"column":27}},"24":{"start":{"line":52,"column":2},"end":{"line":52,"column":14}}},"branchMap":{"1":{"line":30,"type":"if","locations":[{"start":{"line":30,"column":2},"end":{"line":30,"column":2}},{"start":{"line":30,"column":2},"end":{"line":30,"column":2}}]},"2":{"line":48,"type":"if","loca
[...]
0":0,"62":0,"63":0,"64":0,"67":0,"70":0,"71":0,"73":0,"74":0,"75":0,"76":0,"78":0,"79":0,"80":0,"82":0,"87":0,"88":0,"90":0,"91":0,"92":0,"93":0,"95":0,"97":0,"102":0,"105":1,"107":1,"109":0,"110":0,"114":0,"115":0,"118":0}},"/home/travis/build/npmtest/node-npmtest-spm/node_modules/spm/lib/utils/normalizeDep.js":{"path":"/home/travis/build/npmtest/node-npmtest-spm/node_modules/spm/lib/utils/normalizeDep.js","s":{"1":1,"2":1,"3":0,"4":0,"5":0,"6":0,"7":0,"8":0,"9":1,"10":0},"b":{"1":[0,0],"2":[0,0]},"f":{"1":0,"2":0},"fnMap":{"1":{"name":"(anonymous_1)","line":5,"loc":{"start":{"line":5,"column":17},"end":{"line":5,"column":37}}},"2":{"name":"isRelative","line":22,"loc":{"start":{"line":22,"column":0},"end":{"line":22,"column":26}}}},"statementMap":{"1":{"start":{"line":3,"column":0},"end":{"line":3,"column":27}},"2":{"start":{"line":5,"column":0},"end":{"line":20,"column":2}},"3":{"start":{"line":6,"column":2},"end":{"line":8,"column":3}},"4":{"start":{"line":7,"column":4},"end":{"line":7,"column":15}},"5":{"start":{"line":15,"column":2},"end":{"line":15,"column":47}},"6":{"start":{"line":16,"column":2},"end":{"line":18,"column":3}},"7":{"start":{"line":17,"column":4},"end":{"line":17,"column":21}},"8":{"start":{"line":19,"column":2},"end":{"line":19,"column":13}},"9":{"start":{"line":22,"column":0},"end":{"line":24,"column":1}},"10":{"start":{"line":23,"column":2},"end":{"line":23,"column":32}}},"branchMap":{"1":{"line":6,"type":"if","locations":[{"start":{"line":6,"column":2},"end":{"line":6,"column":2}},{"start":{"line":6,"column":2},"end":{"line":6,"column":2}}]},"2":{"line":16,"type":"if","locations":[{"start":{"line":16,"column":2},"end":{"line":16,"column":2}},{"start":{"line":16,"column":2},"end":{"line":16,"column":2}}]}},"code":["'use strict';","","var path = require('path');","","module.exports = function(dep, file) {","  if (!isRelative(dep)) {","    return dep;","  }","","  // ./a.js, B.md -> ./a.js","  // ../a.js, B/B.md -> ./a.js","  // ./a.js, B/B.md -> ./B/a.js","  // ./c/a.js, B/B.md -> ./B/c/a.js","","  var ret = path.join(path.dirname(file), dep);","  if (!isRelative(ret)) {","    ret = './' + ret;","  }","  return ret;","};","","function isRelative(file) {","  return file.charAt(0) === '.';","}",""],"l":{"3":1,"5":1,"6":0,"7":0,"15":0,"16":0,"17":0,"19":0,"22":1,"23":0}},"/home/travis/build/npmtest/node-npmtest-spm/node_modules/spm/lib/utils/istanbul-phantom.js":{"path":"/home/travis/build/npmtest/node-npmtest-spm/node_modules/spm/lib/utils/istanbul-phantom.js","s":{"1":2,"2":0,"3":0,"4":0,"5":0,"6":0,"7":0,"8":0,"9":0,"10":0,"11":0,"12":0,"13":0,"14":0},"b":{"1":[0,0]},"f":{"1":0,"2":0,"3":0,"4":0},"fnMap":{"1":{"name":"(anonymous_1)","line":6,"loc":{"start":{"line":6,"column":15},"end":{"line":6,"column":26}}},"2":{"name":"(anonymous_2)","line":7,"loc":{"start":{"line":7,"column":29},"end":{"line":7,"column":40}}},"3":{"name":"(anonymous_3)","line":8,"loc":{"start":{"line":8,"column":36},"end":{"line":8,"column":47}}},"4":{"name":"(anonymous_4)","line":12,"loc":{"start":{"line":12,"column":32},"end":{"line":12,"column":43}}}},"statementMap":{"1":{"start":{"line":1,"column":0},"end":{"line":1,"column":31}},"2":{"start":{"line":2,"column":0},"end":{"line":2,"column":39}},"3":{"start":{"line":3,"column":0},"end":{"line":3,"column":25}},"4":{"start":{"line":6,"column":0},"end":{"line":21,"column":3}},"5":{"start":{"line":7,"column":2},"end":{"line":20,"column":11}},"6":{"start":{"line":8,"column":4},"end":{"line":10,"column":7}},"7":{"start":{"line":9,"column":6},"end":{"line":9,"column":31}},"8":{"start":{"line":11,"column":4},"end":{"line":19,"column":5}},"9":{"start":{"line":12,"column":6},"end":{"line":14,"column":9}},"10":{"start":{"line":13,"column":8},"end":{"line":13,"column":35}},"11":{"start":{"line":15,"column":6},"end":{"line":15,"column":30}},"12":{"start":{"line":16,"column":6},"end":{"line":16,"column":49}},"13":{"start":{"line":17,"column":6},"end":{"line":17,"column":19}},"14":{"start":{"line":18,"column":6},"end":{"line":18,"column":21}}},"branchMap":{"1":{"line":11,"type":"if","locations":[{"start":{"line":11,"column":4},"end":{"line":11,"column":4}},{"start":{"line":11,"column":4},"end":{"line":11,"column":4}}]}},"code":["var system = require('system');","var page = require('webpage').create();","var url = system.args[1];","/* global window,phantom */","","page.open(url, function() {","  var interval = setInterval(function() {","    var isMochaDone = page.evaluate(function() {","      return window.mocha_done;","    });","    if (isMochaDone) {","      var cover = page.evaluate(function() {","        return window.__coverage__;","      });","      clearInterval(interval);","      system.stdout.write(JSON.stringify(cover));","      page.close();","      phantom.exit();","    }","  }, 1000);","});",""],"l":{"1":2,"2":0,"3":0,"6":0,"7":0,"8":0,"9":0,"11":0,"12":0,"13":0,"15":0,"16":0,"17":0,"18":0}},"/home/travis/build/npmtest/node-npmtest-spm/node_modules/spm/lib/utils/print.js":{"path":"/home/travis/build/npmtest/node-npmtest-spm/node_modules/spm/lib/utils/print.js","s":{"1":1,"2":1,"3":1,"4":0,"5":0,"6":0,"7":0,"8":0,"9":0,"10":0,"11":0,"12":0,"13":0,"14":0,"15":0,"16":0,"17":0,"18":0,"19":0,"20":0,"21":0,"22":0,"23":0,"24":0,"25":0,"26":0,"27":0,"28":0,"29":0,"30":0,"31":0,"32":0,"33":0,"34":0,"35":0,"36":0,"37":0,"38":0,"39":0,"40":1,"41":0,"42":0,"43":0,"44":0,"45":0,"46":0},"b":{"1":[0,0],"2":[0,0],"3":[0,0],"4":[0,0],"5":[0,0],"6":[0,0],"7":[0,0],"8":[0,0],"9":[0,0],"10":[0,0],"11":[0,0],"12":[0,0],"13":[0,0],"14":[0,0],"15":[0,0],"16":[0,0],"17":[0,0],"18":[0,0]},"f":{"1":0,"2":0,"3":0,"4":0},"fnMap":{"1":{"name":"print","line":4,"loc":{"start":{"line":4,"column":17},"end":{"line":4,"column":46}}},"2":{"name":"getVersions","line":55,"loc":{"start":{"line":55,"column":0},"end":{"line":55,"column":26}}},"3":{"name":"(anonymous_3)","line":56,"loc":{"start":{"line":56,"column":54},"end":{"line":56,"column":69}}},"4":{"name":"(anonymous_4)","line":62,"loc":{"start":{"line":62,"column":25},"end":{"line":62,"column":43}}}},"statementMap":{"1":{"start":{"line":1,"column":0},"end":{"line":1,"column":32}},"2":{"start":{"line":2,"column":0},"end":{"line":2,"column":31}},"3":{"start":{"line":4,"column":0},"end":{"line":53,"column":2}},"4":{"start":{"line":5,"column":2},"end":{"line":8,"column":3}},"5":{"start":{"line":6,"column":4},"end":{"line":6,"column":46}},"6":{"start":{"line":7,"column":4},"end":{"line":7,"column":11}},"7":{"start":{"line":9,"column":2},"end":{"line":9,"column":23}},"8":{"start":{"line":10,"column":2},"end":{"line":10,"column":40}},"9":{"start":{"line":11,"column":2},"end":{"line":11,"column":28}},"10":{"start":{"line":11,"column":21},"end":{"line":11,"column":28}},"11":{"start":{"line":13,"column":2},"end":{"line":13,"column":34}},"12":{"start":{"line":14,"column":2},"end":{"line":14,"column":55}},"13":{"start":{"line":14,"column":23},"end":{"line":14,"column":55}},"14":{"start":{"line":16,"column":2},"end":{"line":25,"column":3}},"15":{"start":{"line":17,"column":4},"end":{"line":17,"column":72}},"16":{"start":{"line":18,"column":4},"end":{"line":20,"column":5}},"17":{"start":{"line":19,"column":6},"end":{"line":19,"column":52}},"18":{"start":{"line":21,"column":4},"end":{"line":23,"column":5}},"19":{"start":{"line":22,"column":6},"end":{"line":22,"column":56}},"20":{"start":{"line":24,"column":4},"end":{"line":24,"column":29}},"21":{"start":{"line":26,"column":2},"end":{"line":28,"column":3}},"22":{"start":{"line":27,"column":4},"end":{"line":27,"column":50}},"23":{"start":{"line":29,"column":2},"end":{"line":31,"column":3}},"24":{"start":{"line":30,"column":4},"end":{"line":30,"column":64}},"25":{"start":{"line":32,"column":2},"end":{"line":38,"column":3}},"26":{"start":{"line":33,"column":4},"end":{"line":33,"column":47}},"27":{"start":{"line":34,"column":4},"end":{"line":34,"column":79}},"28":{"start":{"line":35,"column":4},"end":{"line":37,"column":5}},"29":{"start":{"line":36,"column":6},"end":{"line":36,"column":95}},"30":{"start":{"line":39,"column":2},"end":{"line":45,"column":3}},"31":{"start":{"line":40,"column":4},"end":{"line":44,"column":5}},"32":{"start":{"line":41,"column":6},"end":{"line":41,"column":64}},"33":{"start":{"line":42,"column":11},"end":{"line":44,"column":5}},"34":{"start":{"line":43,"column":6},"end":{"line":43,"column":68}},"35":{"start":{"line":46,"column":2},"end":{"line":52,"column":3}},"36":{"start":{"line":47,"column":4},"end":{"line":51,"column":5}},"37":{"start":{"line":48,"column":6},"end":{"line":48,"column":68}},"38":{"start":{"line":49,"column":11},"end":{"line":51,"column":5}},"39":{"start":{"line":50,"column":6},"end":{"line":50,"column":72}},"40":{"start":{"line":55,"column":0},"end":{"line":65,"column":1}},"41":{"start":{"line":56,"column":2},"end":{"line":58,"column":5}},"42":{"start":{"line":57,"column":4},"end":{"line":57,"column":32}},"43":{"start":{"line":59,"column":2},"end":{"line":61,"column":3}},"44":{"start":{"line":60,"column":4},"end":{"line":60,"column":20}},"45":{"start":{"line":62,"column":2},"end":{"line":64,"column":5}},"46":{"start":{"line":63,"column":4},"end":{"line":63,"column":49}}},"branchMap":{"1":{"line":5,"type":"if","locations":[{"start":{"line":5,"column":2},"end":{"line":5,"column":2}},{"start":{"line":5,"column":2},"end":{"line":5,"column":2}}]},"2":{"line":11,"type":"if","locations":[{"start":{"line":11,"column":2},"end":{"line":11,"column":2}},{"start":{"line":11,"column":2},"end":{"line":11,"column":2}}]},"3":{"line":14,"type":"if","locations":[{"start":{"line":14,"column":2},"end":{"line":14,"column":2}},{"start":{"line":14,"column":2},"end":{"line":14,"column":2}}]},"4":{"line":16,"type":"if","locations":[{"start":{"line":16,"column":2},"end":{"line":16,"column":2}},{"start":{"line":16,"column":2},"end":{"line":16,"column":2}}]},"5":{"line":18,"type":"if","locations":[{"start":{"line":18,"column":4},"end":{"line":18,"column":4}},{"start":{"line":18,"column":4},"end":{"line":18,"column":4}}]},"6":{"line":21,"type":"if","locations":[{"start":{"line":21,"column":4},"end":{"line":21,"column":4}},{"start":{"line":21,"column":4},"end":{"line":21,"column":4}}]},"7":{"line":26,"type":"if","locations":[{"start":{"line":26,"column":2},"end":{"line":26,"column":2}},{"start":{"line":26,"column":2},"end":{"line":26,"column":2}}]},"8":{"line":29,"type":"if","locations":[{"start":{"line":29,"column":2},"end":{"line":29,"column":2}},{"start":{"line":29,"column":2},"end":{"line":29,"column":2}}]},"9":{"line":30,"type":"binary-expr","locations":[{"start":{"line":30,"column":32},"end":{"line":30,"column":47}},{"start":{"line":30,"column":51},"end":{"line":30,"column":61}}]},"10":{"line":32,"type":"if","locations":[{"start":{"line":32,"column":2},"end":{"line":32,"column":2}},{"start":{"line":32,"column":2},"end":{"line":32,"column":2}}]},"11":{"line":39,"type":"if","locations":[{"start":{"line":39,"column":2},"end":{"line":39,"column":2}},{"start":{"line":39,"column":2},"end":{"line":39,"column":2}}]},"12":{"line":40,"type":"if","locations":[{"start":{"line":40,"column":4},"end":{"line":40,"column":4}},{"start":{"line":40,"column":4},"end":{"line":40,"column":4}}]},"13":{"line":42,"type":"if","locations":[{"start":{"line":42,"column":11},"end":{"line":42,"column":11}},{"start":{"line":42,"column":11},"end":{"line":42,"column":11}}]},"14":{"line":46,"type":"if","locations":[{"start":{"line":46,"column":2},"end":{"line":46,"column":2}},{"start":{"line":46,"column":2},"end":{"line":46,"column":2}}]},"15":{"line":47,"type":"if","locations":[{"start":{"line":47,"column":4},"end":{"line":47,"column":4}},{"start":{"line":47,"column":4},"end":{"line":47,"column":4}}]},"16":{"line":49,"type":"if","locations":[{"start":{"line":49,"column":11},"end":{"line":49,"column":11}},{"start":{"line":49,"column":11},"end":{"line":49,"column":11}}]},"17":{"line":56,"type":"binary-expr","locations":[{"start":{"line":56,"column":29},"end":{"line":56,"column":41}},{"start":{"line":56,"column":45},"end":{"line":56,"column":47}}]},"18":{"line":59,"type":"if","locations":[{"start":{"line":59,"column":2},"end":{"line":59,"column":2}},{"start":{"line":59,"column":2},"end":{"line":59,"column":2}}]}},"code":["var color = require('colorful');","var semver = require('semver');","","module.exports = function print(pkg, options) {","  if (options.verbose) {","    console.log(JSON.stringify(pkg, null, 2));","    return;","  }","  var title = pkg.name;","  console.log('  ' + color.cyan(title));","  if (options.quiet) return;","","  var versions = getVersions(pkg);","  if (versions.length) pkg = pkg.packages[versions[0]];","","  if (pkg.tag) {","    var text = color.magenta(pkg.version) + ' ~ ' + color.blue(pkg.tag);","    if (pkg.private) {","      text = text + ' ~ ' + color.yellow('private');","    }","    if (pkg.updated_at) {","      text = text + ' ~ ' + color.green(pkg.updated_at);","    }","    console.log('  ' + text);","  }","  if (pkg.description) {","    console.log(' ', color.gray(pkg.description));","  }","  if (pkg.author) {","    console.log('  author: ' + (pkg.author.name || pkg.author));","  }","  if (versions.length) {","    var lines = Math.ceil(versions.length / 5);","    console.log('  versions:', color.magenta(versions.slice(0, 5).join('  ')));","    for (var i = 1; i < lines; i++) {","      console.log('            ' + color.magenta(versions.slice(i * 5, i * 5 + 5).join('  ')));","    }","  }","  if (pkg.homepage) {","    if (typeof pkg.homepage === 'string') {","      console.log('  homepage:', color.underline(pkg.homepage));","    } else if (pkg.homepage.url) {","      console.log('  homepage:', color.underline(pkg.homepage.url));","    }","  }","  if (pkg.repository) {","    if (typeof pkg.repository === 'string') {","      console.log('  repository:', color.underline(pkg.repository));","    } else if (pkg.repository.url) {","      console.log('  repository:', color.underline(pkg.repository.url));","    }","  }","};","","function getVersions(pkg) {","  var versions = Object.keys(pkg.packages || {}).sort(function(a, b) {","    return semver.compare(b, a);","  });","  if (!pkg.tag) {","    return versions;","  }","  return versions.filter(function(version) {","    return pkg.packages[version].tag === pkg.tag;","  });","}",""],"l":{"1":1,"2":1,"4":1,"5":0,"6":0,"7":0,"9":0,"10":0,"11":0,"13":0,"14":0,"16":0,"17":0,"18":0,"19":0,"21":0,"22":0,"24":0,"26":0,"27":0,"29":0,"30":0,"32":0,"33":0,"34":0,"35":0,"36":0,"39":0,"40":0,"41":0,"42":0,"43":0,"46":0,"47":0,"48":0,"49":0,"50":0,"55":1,"56":0,"57":0,"59":0,"60":0,"62":0,"63":0}},"/home/travis/build/npmtest/node-npmtest-spm/node_modules/spm/lib/utils/run.js":{"path":"/home/travis/build/npmtest/node-npmtest-spm/node_modules/spm/lib/utils/run.js","s":{"1":1,"2":1,"3":1,"4":1,"5":1,"6":1,"7":1,"8":1,"9":1,"10":0,"11":0,"12":0,"13":0,"14":0,"15":0,"16":1,"17":1,"18":0,"19":0,"20":0,"21":0,"22":0,"23":0,"24":0,"25":0,"26":0,"27":0,"28":0,"29":0,"30":0,"31":1},"b":{"1":[0,0],"2":[0,0],"3":[0,0],"4":[0,0],"5":[0,0],"6":[0,0],"7":[0,0]},"f":{"1":0,"2":0,"3":0},"fnMap":{"1":{"name":"info","line":10,"loc":{"start":{"line":10,"column":0},"end":{"line":10,"column":20}}},"2":{"name":"record","line":23,"loc":{"start":{"line":23,"column":0},"end":{"line":23,"column":31}}},"3":{"name":"(anonymous_3)","line":28,"loc":{"start":{"line":28,"column":33},"end":{"line":28,"column":47}}}},"statementMap":{"1":{"start":{"line":1,"column":0},"end":{"line":1,"column":32}},"2":{"start":{"line":2,"column":0},"end":{"line":2,"column":38}},"3":{"start":{"line":3,"column":0},"end":{"line":3,"column":29}},"4":{"start":{"line":4,"column":0},"end":{"line":4,"column":63}},"5":{"start":{"line":5,"column":0},"end":{"line":5,"column":38}},"6":{"start":{"line":6,"column":0},"end":{"line":6,"column":48}},"7":{"start":{"line":7,"column":0},"end":{"line":7,"column":50}},"8":{"start":{"line":8,"column":0},"end":{"line":8,"column":44}},"9":{"start":{"line":10,"column":0},"end":{"line":19,"column":1}},"10":{"start":{"line":11,"column":2},"end":{"line":11,"column":16}},"11":{"start":{"line":12,"column":2},"end":{"line":14,"column":3}},"12":{"start":{"line":13,"column":4},"end":{"line":13,"column":29}},"13":{"start":{"line":15,"column":2},"end":{"line":17,"column":3}},"14":{"start":{"line":16,"column":4},"end":{"line":16,"column":22}},"15":{"start":{"line":18,"column":2},"end":{"line":18,"column":26}},"16":{"start":{"line":21,"column":0},"end":{"line":21,"column":20}},"17":{"start":{"line":23,"column":0},"end":{"line":43,"column":1}},"18":{"start":{"line":24,"column":2},"end":{"line":24,"column":20}},"19":{"start":{"line":25,"column":2},"end":{"line":25,"column":29}},"20":{"start":{"line":27,"column":2},"end":{"line":31,"column":3}},"21":{"start":{"line":28,"column":4},"end":{"line":30,"column":7}},"22":{"start":{"line":29,"column":6},"end":{"line":29,"column":30}},"23":{"start":{"line":33,"column":2},"end":{"line":33,"column":18}},"24":{"start":{"line":34,"column":2},"end":{"line":38,"column":3}},"25":{"start":{"line":35,"column":4},"end":{"line":35,"column":19}},"26":{"start":{"line":37,"column":4},"end":{"line":37,"column":18}},"27":{"start":{"line":39,"column":2},"end":{"line":39,"column":24}},"28":{"start":{"line":40,"column":2},"end":{"line":40,"column":19}},"29":{"start":{"line":41,"column":2},"end":{"line":41,"column":27}},"30":{"start":{"line":42,"column":2},"end":{"line":42,"column":27}},"31":{"start":{"line":45,"column":0},"end":{"line":45,"column":24}}},"branchMap":{"1":{"line":12,"type":"if","locations":[{"start":{"line":12,"column":2},"end":{"line":12,"column":2}},{"start":{"line":12,"column":2},"end":{"line":12,"column":2}}]},"2":{"line":15,"type":"if","locations":[{"start":{"line":15,"column":2},"end":{"line":15,"column":2}},{"start":{"line":15,"column":2},"end":{"line":15,"column":2}}]},"3":{"line":16,"type":"binary-expr","locations":[{"start":{"line":16,"column":11},"end":{"line":16,"column":15}},{"start":{"line":16,"column":19},"end":{"line":16,"column":21}}]},"4":{"line":18,"type":"binary-expr","locations":[{"start":{"line":18,"column":9},"end":{"line":18,"column":19}},{"start":{"line":18,"column":23},"end":{"line":18,"column":25}}]},"5":{"line":25,"type":"binary-expr","locations":[{"start":{"line":25,"column":12},"end":{"line":25,"column":22}},{"start":{"line":25,"column":26},"end":{"line":25,"column":28}}]},"6":{"line":27,"type":"if","locations":[{"start":{"line":27,"column":2},"end":{"line":27,"column":2}},{"start":{"line":27,"column":2},"end":{"line":27,"column":2}}]},"7":{"line":34,"type":"if","locations":[{"start":{"line":34,"column":2},"end":{"line":34,"column":2}},{"start":{"line":34,"column":2},"end":{"line":34,"column":2}}]}},"code":["var join = require('path').join;","var dirname = require('path').dirname;","var spmrc = require('spmrc');","var runfile = join(spmrc.get('user.home'), '.spm', 'run.json');","var exists = require('fs').existsSync;","var readJSON = require('fs-extra').readJSONSync;","var writeJSON = require('fs-extra').writeJSONSync;","var mkdirs = require('fs-extra').mkdirsSync;","","function info(name) {","  var data = {};","  if (exists(runfile)) {","    data = readJSON(runfile);","  }","  if (!name) {","    return data || {};","  }","  return data[name] || {};","}","","exports.info = info;","","function record(name, options) {","  var data = info();","  var ret = data[name] || {};","","  if (options) {","    Object.keys(options).forEach(function(key) {","      ret[key] = options[key];","    });","  }","","  ret.name = name;","  if (ret.count) {","    ret.count += 1;","  } else {","    ret.count = 1;","  }","  ret.time = new Date();","  data[name] = ret;","  mkdirs(dirname(runfile));","  writeJSON(runfile, data);","}","","exports.record = record;",""],"l":{"1":1,"2":1,"3":1,"4":1,"5":1,"6":1,"7":1,"8":1,"10":1,"11":0,"12":0,"13":0,"15":0,"16":0,"18":0,"21":1,"23":1,"24":0,"25":0,"27":0,"28":0,"29":0,"33":0,"34":0,"35":0,"37":0,"39":0,"40":0,"41":0,"42":0,"45":1}}}